Connecting to database specified by database.yml
Connecting to database specified by database.yml
Connecting to database specified by database.yml
Connecting to database specified by database.yml
Connecting to database specified by database.yml
Connecting to database specified by database.yml
Connecting to database specified by database.yml
  [1m[36m (82.9ms)[0m  [1mCREATE TABLE `schema_migrations` (`version` varchar(255) NOT NULL) ENGINE=InnoDB[0m
  [1m[35m (150.2ms)[0m  CREATE UNIQUE INDEX `unique_schema_migrations` ON `schema_migrations` (`version`)
  [1m[36m (2.2ms)[0m  [1mSELECT `schema_migrations`.`version` FROM `schema_migrations` [0m
Migrating to CreateUsers (20121126024458)
  [1m[35m (93.3ms)[0m  CREATE TABLE `users` (`id` int(11) DEFAULT NULL auto_increment PRIMARY KEY, `username` varchar(255), `password` varchar(255), `full_name` varchar(255), `created_at` datetime NOT NULL, `updated_at` datetime NOT NULL) ENGINE=InnoDB
  [1m[36m (32.6ms)[0m  [1mINSERT INTO `schema_migrations` (`version`) VALUES ('20121126024458')[0m
Migrating to AddAttachmentAvatarToUsers (20121126030306)
DEPRECATION WARNING: Method `t.has_attached_file` in the migration has been deprecated and will be replaced by `t.attachment`. (called from block in up at /home/thota/aptana_workspace/my_ror_advance/db/migrate/20121126030306_add_attachment_avatar_to_users.rb:4)
  [1m[35m (191.3ms)[0m  ALTER TABLE `users` ADD `avatar_file_name` varchar(255)
  [1m[36m (201.2ms)[0m  [1mALTER TABLE `users` ADD `avatar_content_type` varchar(255)[0m
  [1m[35m (167.6ms)[0m  ALTER TABLE `users` ADD `avatar_file_size` int(11)
  [1m[36m (168.1ms)[0m  [1mALTER TABLE `users` ADD `avatar_updated_at` datetime[0m
  [1m[35m (32.0ms)[0m  INSERT INTO `schema_migrations` (`version`) VALUES ('20121126030306')
  [1m[36m (0.5ms)[0m  [1mSELECT `schema_migrations`.`version` FROM `schema_migrations` [0m


Started GET "/" for 127.0.0.1 at 2012-11-26 10:08:19 +0700
Connecting to database specified by database.yml
Processing by HomeController#index as HTML
  Rendered home/index.html.erb within layouts/application (21.7ms)
Compiled home.css  (13ms)  (pid 5811)
Compiled scaffolds.css  (9ms)  (pid 5811)
Compiled users.css  (0ms)  (pid 5811)
Compiled application.css  (37ms)  (pid 5811)
Compiled jquery.js  (4ms)  (pid 5811)
Compiled jquery_ujs.js  (0ms)  (pid 5811)
Compiled home.js  (354ms)  (pid 5811)
Compiled users.js  (102ms)  (pid 5811)
Compiled application.js  (531ms)  (pid 5811)
Completed 200 OK in 693ms (Views: 692.8ms | ActiveRecord: 0.0ms)


Started GET "/assets/home.js?body=1" for 127.0.0.1 at 2012-11-26 10:08:20 +0700
Served asset /home.js - 200 OK (7ms)


Started GET "/assets/home.css?body=1" for 127.0.0.1 at 2012-11-26 10:08:20 +0700
Served asset /home.css - 200 OK (2ms)


Started GET "/assets/application.css?body=1" for 127.0.0.1 at 2012-11-26 10:08:20 +0700
Served asset /application.css - 200 OK (6ms)


Started GET "/assets/scaffolds.css?body=1" for 127.0.0.1 at 2012-11-26 10:08:20 +0700
Served asset /scaffolds.css - 200 OK (2ms)


Started GET "/assets/users.css?body=1" for 127.0.0.1 at 2012-11-26 10:08:20 +0700
Served asset /users.css - 200 OK (1ms)


Started GET "/assets/jquery.js?body=1" for 127.0.0.1 at 2012-11-26 10:08:20 +0700
Served asset /jquery.js - 200 OK (26ms)


Started GET "/assets/jquery_ujs.js?body=1" for 127.0.0.1 at 2012-11-26 10:08:20 +0700
Served asset /jquery_ujs.js - 200 OK (2ms)


Started GET "/assets/application.js?body=1" for 127.0.0.1 at 2012-11-26 10:08:20 +0700
Served asset /application.js - 200 OK (7ms)


Started GET "/assets/users.js?body=1" for 127.0.0.1 at 2012-11-26 10:08:20 +0700
Served asset /users.js - 304 Not Modified (2ms)


Started GET "/users" for 127.0.0.1 at 2012-11-26 10:08:22 +0700
Processing by UsersController#index as HTML
  [1m[36mUser Load (0.5ms)[0m  [1mSELECT `users`.* FROM `users` [0m
  Rendered users/index.html.erb within layouts/application (0.9ms)
Completed 200 OK in 74ms (Views: 13.5ms | ActiveRecord: 3.1ms)


Started GET "/assets/jquery.js?body=1" for 127.0.0.1 at 2012-11-26 10:08:22 +0700
Served asset /jquery.js - 304 Not Modified (3ms)


Started GET "/assets/users.js?body=1" for 127.0.0.1 at 2012-11-26 10:08:22 +0700
Served asset /users.js - 304 Not Modified (0ms)


Started GET "/users/new" for 127.0.0.1 at 2012-11-26 10:08:24 +0700
Processing by UsersController#new as HTML
  Rendered users/_form.html.erb (153.8ms)
  Rendered users/new.html.erb within layouts/application (202.0ms)
Completed 200 OK in 236ms (Views: 227.2ms | ActiveRecord: 0.0ms)


Started GET "/assets/jquery.js?body=1" for 127.0.0.1 at 2012-11-26 10:08:24 +0700
Served asset /jquery.js - 304 Not Modified (1ms)


Started GET "/assets/users.js?body=1" for 127.0.0.1 at 2012-11-26 10:08:24 +0700
Served asset /users.js - 304 Not Modified (0ms)


Started POST "/users" for 127.0.0.1 at 2012-11-26 10:08:49 +0700
Processing by UsersController#create as HTML
  Parameters: {"utf8"=>"✓", "authenticity_token"=>"gkKNs+tMIOBhp1nMofVRcjLWY2+7M13iA+qVCoJp480=", "user"=>{"username"=>"tavtho", "password"=>"[FILTERED]", "full_name"=>"Tho Ta Van", "avatar"=>#<ActionDispatch::Http::UploadedFile:0xa1c6038 @original_filename="login.html", @content_type="text/html", @headers="Content-Disposition: form-data; name=\"user[avatar]\"; filename=\"login.html\"\r\nContent-Type: text/html\r\n", @tempfile=#<File:/tmp/RackMultipart20121126-5811-gkx86l>>}, "commit"=>"Create User"}
Command :: identify -format %wx%h '/tmp/login20121126-5811-14g57t2.html[0]'
[paperclip] An error was received while processing: #<Paperclip::Errors::NotIdentifiedByImageMagickError: /tmp/login20121126-5811-14g57t2.html is not recognized by the 'identify' command.>
Command :: identify -format %wx%h '/tmp/login20121126-5811-14g57t2.html[0]'
[paperclip] An error was received while processing: #<Paperclip::Errors::NotIdentifiedByImageMagickError: /tmp/login20121126-5811-14g57t2.html is not recognized by the 'identify' command.>
  [1m[35m (0.3ms)[0m  BEGIN
  [1m[36m (0.1ms)[0m  [1mROLLBACK[0m
  Rendered users/_form.html.erb (6.8ms)
  Rendered users/new.html.erb within layouts/application (8.0ms)
Completed 200 OK in 430ms (Views: 15.1ms | ActiveRecord: 0.4ms)


Started GET "/assets/jquery.js?body=1" for 127.0.0.1 at 2012-11-26 10:08:49 +0700
Served asset /jquery.js - 304 Not Modified (2ms)


Started GET "/assets/users.js?body=1" for 127.0.0.1 at 2012-11-26 10:08:49 +0700
Served asset /users.js - 304 Not Modified (0ms)
Connecting to database specified by database.yml
  [1m[36m (2.6ms)[0m  [1mSELECT `schema_migrations`.`version` FROM `schema_migrations` [0m
  [1m[35m (0.3ms)[0m  SELECT `schema_migrations`.`version` FROM `schema_migrations` 
Migrating to AddAttachmentAvatarToUsers (20121126030306)
DEPRECATION WARNING: Method `drop_attached_file` in the migration has been deprecated and will be replaced by `remove_attachment`. (called from measure at /home/thota/.rvm/rubies/ruby-1.9.3-p194/lib/ruby/1.9.1/benchmark.rb:280)
  [1m[36m (220.4ms)[0m  [1mALTER TABLE `users` DROP `avatar_file_name`[0m
  [1m[35m (167.7ms)[0m  ALTER TABLE `users` DROP `avatar_content_type`
  [1m[36m (176.1ms)[0m  [1mALTER TABLE `users` DROP `avatar_file_size`[0m
  [1m[35m (176.1ms)[0m  ALTER TABLE `users` DROP `avatar_updated_at`
  [1m[36m (40.3ms)[0m  [1mDELETE FROM `schema_migrations` WHERE `schema_migrations`.`version` = '20121126030306'[0m
  [1m[35m (0.5ms)[0m  SELECT `schema_migrations`.`version` FROM `schema_migrations` 
Connecting to database specified by database.yml
  [1m[36m (2.6ms)[0m  [1mSELECT `schema_migrations`.`version` FROM `schema_migrations` [0m
Migrating to CreateUsers (20121126024458)
Migrating to AddAttachmentAvatarToUsers (20121126030306)
  [1m[35m (197.8ms)[0m  ALTER TABLE `users` ADD `avatar_file_name` varchar(255)
  [1m[36m (200.5ms)[0m  [1mALTER TABLE `users` ADD `avatar_content_type` varchar(255)[0m
  [1m[35m (201.4ms)[0m  ALTER TABLE `users` ADD `avatar_file_size` int(11)
  [1m[36m (211.5ms)[0m  [1mALTER TABLE `users` ADD `avatar_updated_at` datetime[0m
  [1m[35m (31.9ms)[0m  INSERT INTO `schema_migrations` (`version`) VALUES ('20121126030306')
  [1m[36m (0.3ms)[0m  [1mSELECT `schema_migrations`.`version` FROM `schema_migrations` [0m


Started GET "/users" for 127.0.0.1 at 2012-11-26 10:16:45 +0700
Connecting to database specified by database.yml
Processing by UsersController#index as HTML
  [1m[36mUser Load (0.3ms)[0m  [1mSELECT `users`.* FROM `users` [0m
  Rendered users/index.html.erb within layouts/application (2.1ms)
Completed 200 OK in 86ms (Views: 45.6ms | ActiveRecord: 2.1ms)


Started GET "/assets/application.css?body=1" for 127.0.0.1 at 2012-11-26 10:16:45 +0700
Served asset /application.css - 304 Not Modified (6ms)


Started GET "/assets/home.css?body=1" for 127.0.0.1 at 2012-11-26 10:16:45 +0700
Served asset /home.css - 304 Not Modified (1ms)


Started GET "/assets/users.css?body=1" for 127.0.0.1 at 2012-11-26 10:16:45 +0700
Served asset /users.css - 304 Not Modified (2ms)


Started GET "/assets/scaffolds.css?body=1" for 127.0.0.1 at 2012-11-26 10:16:45 +0700
Served asset /scaffolds.css - 304 Not Modified (1ms)


Started GET "/assets/home.js?body=1" for 127.0.0.1 at 2012-11-26 10:16:45 +0700
Served asset /home.js - 304 Not Modified (1ms)


Started GET "/assets/jquery.js?body=1" for 127.0.0.1 at 2012-11-26 10:16:45 +0700
Served asset /jquery.js - 304 Not Modified (2ms)


Started GET "/assets/users.js?body=1" for 127.0.0.1 at 2012-11-26 10:16:45 +0700
Served asset /users.js - 304 Not Modified (1ms)


Started GET "/assets/application.js?body=1" for 127.0.0.1 at 2012-11-26 10:16:45 +0700
Served asset /application.js - 304 Not Modified (4ms)


Started GET "/users/new" for 127.0.0.1 at 2012-11-26 10:16:47 +0700
Processing by UsersController#new as HTML
  Rendered users/_form.html.erb (7.2ms)
  Rendered users/new.html.erb within layouts/application (11.1ms)
Completed 200 OK in 31ms (Views: 16.4ms | ActiveRecord: 0.0ms)


Started GET "/assets/home.css?body=1" for 127.0.0.1 at 2012-11-26 10:16:47 +0700
Served asset /home.css - 304 Not Modified (3ms)


Started GET "/assets/application.css?body=1" for 127.0.0.1 at 2012-11-26 10:16:47 +0700
Served asset /application.css - 304 Not Modified (0ms)


Started GET "/assets/scaffolds.css?body=1" for 127.0.0.1 at 2012-11-26 10:16:47 +0700
Served asset /scaffolds.css - 304 Not Modified (0ms)


Started GET "/assets/users.css?body=1" for 127.0.0.1 at 2012-11-26 10:16:47 +0700
Served asset /users.css - 304 Not Modified (4ms)


Started GET "/assets/jquery.js?body=1" for 127.0.0.1 at 2012-11-26 10:16:47 +0700
Served asset /jquery.js - 304 Not Modified (1ms)


Started GET "/assets/home.js?body=1" for 127.0.0.1 at 2012-11-26 10:16:47 +0700
Served asset /home.js - 304 Not Modified (0ms)


Started GET "/assets/users.js?body=1" for 127.0.0.1 at 2012-11-26 10:16:47 +0700
Served asset /users.js - 304 Not Modified (0ms)


Started GET "/assets/application.js?body=1" for 127.0.0.1 at 2012-11-26 10:16:47 +0700
Served asset /application.js - 304 Not Modified (1ms)


Started POST "/users" for 127.0.0.1 at 2012-11-26 10:16:55 +0700
Processing by UsersController#create as HTML
  Parameters: {"utf8"=>"✓", "authenticity_token"=>"gkKNs+tMIOBhp1nMofVRcjLWY2+7M13iA+qVCoJp480=", "user"=>{"username"=>"tavtho", "password"=>"[FILTERED]", "full_name"=>"Tho Ta Van", "avatar"=>#<ActionDispatch::Http::UploadedFile:0x8ec8b20 @original_filename="index.html", @content_type="text/html", @headers="Content-Disposition: form-data; name=\"user[avatar]\"; filename=\"index.html\"\r\nContent-Type: text/html\r\n", @tempfile=#<File:/tmp/RackMultipart20121126-5980-9ppy6f>>}, "commit"=>"Create User"}
Command :: identify -format %wx%h '/tmp/index20121126-5980-1pi6rk3.html[0]'
[paperclip] An error was received while processing: #<Paperclip::Errors::NotIdentifiedByImageMagickError: /tmp/index20121126-5980-1pi6rk3.html is not recognized by the 'identify' command.>
Command :: identify -format %wx%h '/tmp/index20121126-5980-1pi6rk3.html[0]'
[paperclip] An error was received while processing: #<Paperclip::Errors::NotIdentifiedByImageMagickError: /tmp/index20121126-5980-1pi6rk3.html is not recognized by the 'identify' command.>
  [1m[35m (0.3ms)[0m  BEGIN
  [1m[36m (0.2ms)[0m  [1mROLLBACK[0m
  Rendered users/_form.html.erb (4.2ms)
  Rendered users/new.html.erb within layouts/application (4.9ms)
Completed 200 OK in 60ms (Views: 10.9ms | ActiveRecord: 0.4ms)


Started GET "/assets/application.css?body=1" for 127.0.0.1 at 2012-11-26 10:16:55 +0700
Served asset /application.css - 304 Not Modified (8ms)


Started GET "/assets/home.css?body=1" for 127.0.0.1 at 2012-11-26 10:16:55 +0700
Served asset /home.css - 304 Not Modified (0ms)


Started GET "/assets/scaffolds.css?body=1" for 127.0.0.1 at 2012-11-26 10:16:55 +0700
Served asset /scaffolds.css - 304 Not Modified (0ms)


Started GET "/assets/jquery.js?body=1" for 127.0.0.1 at 2012-11-26 10:16:55 +0700
Served asset /jquery.js - 304 Not Modified (2ms)


Started GET "/assets/users.css?body=1" for 127.0.0.1 at 2012-11-26 10:16:55 +0700
Served asset /users.css - 304 Not Modified (4ms)


Started GET "/assets/home.js?body=1" for 127.0.0.1 at 2012-11-26 10:16:55 +0700
Served asset /home.js - 304 Not Modified (0ms)


Started GET "/assets/users.js?body=1" for 127.0.0.1 at 2012-11-26 10:16:55 +0700
Served asset /users.js - 304 Not Modified (0ms)


Started GET "/assets/application.js?body=1" for 127.0.0.1 at 2012-11-26 10:16:55 +0700
Served asset /application.js - 304 Not Modified (2ms)


Started POST "/users" for 127.0.0.1 at 2012-11-26 10:17:04 +0700
Processing by UsersController#create as HTML
  Parameters: {"utf8"=>"✓", "authenticity_token"=>"gkKNs+tMIOBhp1nMofVRcjLWY2+7M13iA+qVCoJp480=", "user"=>{"username"=>"tavtho", "password"=>"[FILTERED]", "full_name"=>"Tho Ta Van"}, "commit"=>"Create User"}
  [1m[35m (0.2ms)[0m  BEGIN
  [1m[36mSQL (1.7ms)[0m  [1mINSERT INTO `users` (`avatar_content_type`, `avatar_file_name`, `avatar_file_size`, `avatar_updated_at`, `created_at`, `full_name`, `password`, `updated_at`, `username`) VALUES (NULL, NULL, NULL, NULL, '2012-11-26 03:17:04', 'Tho Ta Van', '123456', '2012-11-26 03:17:04', 'tavtho')[0m
[paperclip] Saving attachments.
  [1m[35m (52.2ms)[0m  COMMIT
Redirected to http://localhost:3000/users/1
Completed 302 Found in 122ms (ActiveRecord: 54.2ms)


Started GET "/users/1" for 127.0.0.1 at 2012-11-26 10:17:04 +0700
Processing by UsersController#show as HTML
  Parameters: {"id"=>"1"}
  [1m[36mUser Load (0.5ms)[0m  [1mSELECT `users`.* FROM `users` WHERE `users`.`id` = 1 LIMIT 1[0m
  Rendered users/show.html.erb within layouts/application (1.7ms)
Completed 200 OK in 40ms (Views: 37.4ms | ActiveRecord: 0.5ms)


Started GET "/assets/application.css?body=1" for 127.0.0.1 at 2012-11-26 10:17:04 +0700
Served asset /application.css - 304 Not Modified (5ms)


Started GET "/assets/home.css?body=1" for 127.0.0.1 at 2012-11-26 10:17:04 +0700
Served asset /home.css - 304 Not Modified (1ms)


Started GET "/assets/scaffolds.css?body=1" for 127.0.0.1 at 2012-11-26 10:17:04 +0700
Served asset /scaffolds.css - 304 Not Modified (0ms)


Started GET "/assets/users.css?body=1" for 127.0.0.1 at 2012-11-26 10:17:04 +0700
Served asset /users.css - 304 Not Modified (0ms)


Started GET "/assets/jquery.js?body=1" for 127.0.0.1 at 2012-11-26 10:17:04 +0700
Served asset /jquery.js - 304 Not Modified (1ms)


Started GET "/assets/home.js?body=1" for 127.0.0.1 at 2012-11-26 10:17:04 +0700
Served asset /home.js - 304 Not Modified (0ms)


Started GET "/assets/users.js?body=1" for 127.0.0.1 at 2012-11-26 10:17:04 +0700
Served asset /users.js - 304 Not Modified (0ms)


Started GET "/assets/application.js?body=1" for 127.0.0.1 at 2012-11-26 10:17:04 +0700
Served asset /application.js - 304 Not Modified (1ms)


Started GET "/users/1/edit" for 127.0.0.1 at 2012-11-26 10:17:06 +0700
Processing by UsersController#edit as HTML
  Parameters: {"id"=>"1"}
  [1m[35mUser Load (0.1ms)[0m  SELECT `users`.* FROM `users` WHERE `users`.`id` = 1 LIMIT 1
  Rendered users/_form.html.erb (3.1ms)
  Rendered users/edit.html.erb within layouts/application (5.3ms)
Completed 200 OK in 15ms (Views: 13.6ms | ActiveRecord: 0.1ms)


Started GET "/assets/application.css?body=1" for 127.0.0.1 at 2012-11-26 10:17:06 +0700
Served asset /application.css - 304 Not Modified (9ms)


Started GET "/assets/home.css?body=1" for 127.0.0.1 at 2012-11-26 10:17:06 +0700
Served asset /home.css - 304 Not Modified (0ms)


Started GET "/assets/users.css?body=1" for 127.0.0.1 at 2012-11-26 10:17:06 +0700
Served asset /users.css - 304 Not Modified (0ms)


Started GET "/assets/scaffolds.css?body=1" for 127.0.0.1 at 2012-11-26 10:17:06 +0700
Served asset /scaffolds.css - 304 Not Modified (0ms)


Started GET "/assets/home.js?body=1" for 127.0.0.1 at 2012-11-26 10:17:06 +0700
Served asset /home.js - 304 Not Modified (0ms)


Started GET "/assets/jquery.js?body=1" for 127.0.0.1 at 2012-11-26 10:17:06 +0700
Served asset /jquery.js - 304 Not Modified (2ms)


Started GET "/assets/users.js?body=1" for 127.0.0.1 at 2012-11-26 10:17:06 +0700
Served asset /users.js - 304 Not Modified (0ms)


Started GET "/assets/application.js?body=1" for 127.0.0.1 at 2012-11-26 10:17:06 +0700
Served asset /application.js - 304 Not Modified (2ms)


Started PUT "/users" for 127.0.0.1 at 2012-11-26 10:17:11 +0700

ActionController::RoutingError (No route matches [PUT] "/users"):
  actionpack (3.2.8) lib/action_dispatch/middleware/debug_exceptions.rb:21:in `call'
  actionpack (3.2.8) lib/action_dispatch/middleware/show_exceptions.rb:56:in `call'
  railties (3.2.8) lib/rails/rack/logger.rb:26:in `call_app'
  railties (3.2.8) lib/rails/rack/logger.rb:16:in `call'
  actionpack (3.2.8) lib/action_dispatch/middleware/request_id.rb:22:in `call'
  rack (1.4.1) lib/rack/methodoverride.rb:21:in `call'
  rack (1.4.1) lib/rack/runtime.rb:17:in `call'
  activesupport (3.2.8) lib/active_support/cache/strategy/local_cache.rb:72:in `call'
  rack (1.4.1) lib/rack/lock.rb:15:in `call'
  actionpack (3.2.8) lib/action_dispatch/middleware/static.rb:62:in `call'
  railties (3.2.8) lib/rails/engine.rb:479:in `call'
  railties (3.2.8) lib/rails/application.rb:223:in `call'
  rack (1.4.1) lib/rack/content_length.rb:14:in `call'
  railties (3.2.8) lib/rails/rack/log_tailer.rb:17:in `call'
  rack (1.4.1) lib/rack/handler/webrick.rb:59:in `service'
  /home/thota/.rvm/rubies/ruby-1.9.3-p194/lib/ruby/1.9.1/webrick/httpserver.rb:138:in `service'
  /home/thota/.rvm/rubies/ruby-1.9.3-p194/lib/ruby/1.9.1/webrick/httpserver.rb:94:in `run'
  /home/thota/.rvm/rubies/ruby-1.9.3-p194/lib/ruby/1.9.1/webrick/server.rb:191:in `block in start_thread'


  Rendered /home/thota/.rvm/gems/ruby-1.9.3-p194/gems/actionpack-3.2.8/lib/action_dispatch/middleware/templates/rescues/routing_error.erb within rescues/layout (0.7ms)


Started GET "/users/1" for 127.0.0.1 at 2012-11-26 10:17:21 +0700
Processing by UsersController#show as HTML
  Parameters: {"id"=>"1"}
  [1m[36mUser Load (0.1ms)[0m  [1mSELECT `users`.* FROM `users` WHERE `users`.`id` = 1 LIMIT 1[0m
  Rendered users/show.html.erb within layouts/application (1.7ms)
Completed 200 OK in 13ms (Views: 11.5ms | ActiveRecord: 0.1ms)


Started GET "/assets/application.css?body=1" for 127.0.0.1 at 2012-11-26 10:17:21 +0700
Served asset /application.css - 304 Not Modified (4ms)


Started GET "/assets/scaffolds.css?body=1" for 127.0.0.1 at 2012-11-26 10:17:21 +0700
Served asset /scaffolds.css - 304 Not Modified (0ms)


Started GET "/assets/home.js?body=1" for 127.0.0.1 at 2012-11-26 10:17:21 +0700
Served asset /home.js - 304 Not Modified (0ms)


Started GET "/assets/home.css?body=1" for 127.0.0.1 at 2012-11-26 10:17:21 +0700
Served asset /home.css - 304 Not Modified (0ms)


Started GET "/assets/users.css?body=1" for 127.0.0.1 at 2012-11-26 10:17:21 +0700
Served asset /users.css - 304 Not Modified (0ms)


Started GET "/assets/jquery.js?body=1" for 127.0.0.1 at 2012-11-26 10:17:21 +0700
Served asset /jquery.js - 304 Not Modified (1ms)


Started GET "/assets/users.js?body=1" for 127.0.0.1 at 2012-11-26 10:17:21 +0700
Served asset /users.js - 304 Not Modified (0ms)


Started GET "/assets/application.js?body=1" for 127.0.0.1 at 2012-11-26 10:17:21 +0700
Served asset /application.js - 304 Not Modified (4ms)


Started GET "/users" for 127.0.0.1 at 2012-11-26 10:17:22 +0700
Processing by UsersController#index as HTML
  [1m[35mUser Load (0.6ms)[0m  SELECT `users`.* FROM `users` 
  Rendered users/index.html.erb within layouts/application (1.7ms)
Completed 200 OK in 12ms (Views: 9.9ms | ActiveRecord: 0.6ms)


Started GET "/assets/application.css?body=1" for 127.0.0.1 at 2012-11-26 10:17:22 +0700
Served asset /application.css - 304 Not Modified (7ms)


Started GET "/assets/scaffolds.css?body=1" for 127.0.0.1 at 2012-11-26 10:17:22 +0700
Served asset /scaffolds.css - 304 Not Modified (2ms)


Started GET "/assets/home.css?body=1" for 127.0.0.1 at 2012-11-26 10:17:22 +0700
Served asset /home.css - 304 Not Modified (0ms)


Started GET "/assets/users.css?body=1" for 127.0.0.1 at 2012-11-26 10:17:22 +0700
Served asset /users.css - 304 Not Modified (0ms)


Started GET "/assets/jquery.js?body=1" for 127.0.0.1 at 2012-11-26 10:17:22 +0700
Served asset /jquery.js - 304 Not Modified (28ms)


Started GET "/assets/users.js?body=1" for 127.0.0.1 at 2012-11-26 10:17:22 +0700
Served asset /users.js - 304 Not Modified (0ms)


Started GET "/assets/home.js?body=1" for 127.0.0.1 at 2012-11-26 10:17:22 +0700
Served asset /home.js - 304 Not Modified (0ms)


Started GET "/assets/application.js?body=1" for 127.0.0.1 at 2012-11-26 10:17:22 +0700
Served asset /application.js - 304 Not Modified (1ms)


Started GET "/users/1/edit" for 127.0.0.1 at 2012-11-26 10:17:26 +0700
Processing by UsersController#edit as HTML
  Parameters: {"id"=>"1"}
  [1m[36mUser Load (0.1ms)[0m  [1mSELECT `users`.* FROM `users` WHERE `users`.`id` = 1 LIMIT 1[0m
  Rendered users/_form.html.erb (6.0ms)
  Rendered users/edit.html.erb within layouts/application (8.0ms)
Completed 200 OK in 17ms (Views: 15.1ms | ActiveRecord: 0.1ms)


Started GET "/assets/application.css?body=1" for 127.0.0.1 at 2012-11-26 10:17:26 +0700
Served asset /application.css - 304 Not Modified (7ms)


Started GET "/assets/users.css?body=1" for 127.0.0.1 at 2012-11-26 10:17:26 +0700
Served asset /users.css - 304 Not Modified (2ms)


Started GET "/assets/home.css?body=1" for 127.0.0.1 at 2012-11-26 10:17:26 +0700
Served asset /home.css - 304 Not Modified (0ms)


Started GET "/assets/scaffolds.css?body=1" for 127.0.0.1 at 2012-11-26 10:17:26 +0700
Served asset /scaffolds.css - 304 Not Modified (0ms)


Started GET "/assets/jquery.js?body=1" for 127.0.0.1 at 2012-11-26 10:17:26 +0700
Served asset /jquery.js - 304 Not Modified (4ms)


Started GET "/assets/home.js?body=1" for 127.0.0.1 at 2012-11-26 10:17:26 +0700
Served asset /home.js - 304 Not Modified (0ms)


Started GET "/assets/users.js?body=1" for 127.0.0.1 at 2012-11-26 10:17:26 +0700
Served asset /users.js - 304 Not Modified (0ms)


Started GET "/assets/application.js?body=1" for 127.0.0.1 at 2012-11-26 10:17:26 +0700
Served asset /application.js - 304 Not Modified (5ms)


Started GET "/users/1/edit" for 127.0.0.1 at 2012-11-26 10:17:52 +0700
Processing by UsersController#edit as HTML
  Parameters: {"id"=>"1"}
  [1m[35mUser Load (0.4ms)[0m  SELECT `users`.* FROM `users` WHERE `users`.`id` = 1 LIMIT 1
  Rendered users/_form.html.erb (3.1ms)
  Rendered users/edit.html.erb within layouts/application (4.1ms)
Completed 200 OK in 12ms (Views: 10.6ms | ActiveRecord: 0.4ms)


Started GET "/assets/application.css?body=1" for 127.0.0.1 at 2012-11-26 10:17:52 +0700
Served asset /application.css - 304 Not Modified (2ms)


Started GET "/assets/scaffolds.css?body=1" for 127.0.0.1 at 2012-11-26 10:17:52 +0700
Served asset /scaffolds.css - 304 Not Modified (0ms)


Started GET "/assets/jquery.js?body=1" for 127.0.0.1 at 2012-11-26 10:17:52 +0700
Served asset /jquery.js - 304 Not Modified (6ms)


Started GET "/assets/home.css?body=1" for 127.0.0.1 at 2012-11-26 10:17:52 +0700
Served asset /home.css - 304 Not Modified (0ms)


Started GET "/assets/users.css?body=1" for 127.0.0.1 at 2012-11-26 10:17:52 +0700
Served asset /users.css - 304 Not Modified (0ms)


Started GET "/assets/jquery_ujs.js?body=1" for 127.0.0.1 at 2012-11-26 10:17:52 +0700
Served asset /jquery_ujs.js - 304 Not Modified (4ms)


Started GET "/assets/home.js?body=1" for 127.0.0.1 at 2012-11-26 10:17:52 +0700
Served asset /home.js - 304 Not Modified (0ms)


Started GET "/assets/users.js?body=1" for 127.0.0.1 at 2012-11-26 10:17:52 +0700
Served asset /users.js - 304 Not Modified (0ms)


Started GET "/assets/application.js?body=1" for 127.0.0.1 at 2012-11-26 10:17:52 +0700
Served asset /application.js - 304 Not Modified (1ms)


Started GET "/users/1/edit" for 127.0.0.1 at 2012-11-26 10:17:52 +0700
Processing by UsersController#edit as HTML
  Parameters: {"id"=>"1"}
  [1m[36mUser Load (0.1ms)[0m  [1mSELECT `users`.* FROM `users` WHERE `users`.`id` = 1 LIMIT 1[0m
  Rendered users/_form.html.erb (5.0ms)
  Rendered users/edit.html.erb within layouts/application (6.6ms)
Completed 200 OK in 13ms (Views: 12.0ms | ActiveRecord: 0.1ms)


Started GET "/assets/application.css?body=1" for 127.0.0.1 at 2012-11-26 10:17:52 +0700
Served asset /application.css - 304 Not Modified (8ms)


Started GET "/assets/home.css?body=1" for 127.0.0.1 at 2012-11-26 10:17:52 +0700
Served asset /home.css - 304 Not Modified (0ms)


Started GET "/assets/scaffolds.css?body=1" for 127.0.0.1 at 2012-11-26 10:17:52 +0700
Served asset /scaffolds.css - 304 Not Modified (0ms)


Started GET "/assets/jquery.js?body=1" for 127.0.0.1 at 2012-11-26 10:17:52 +0700
Served asset /jquery.js - 304 Not Modified (4ms)


Started GET "/assets/users.css?body=1" for 127.0.0.1 at 2012-11-26 10:17:52 +0700
Served asset /users.css - 304 Not Modified (0ms)


Started GET "/assets/jquery_ujs.js?body=1" for 127.0.0.1 at 2012-11-26 10:17:52 +0700
Served asset /jquery_ujs.js - 304 Not Modified (0ms)


Started GET "/assets/home.js?body=1" for 127.0.0.1 at 2012-11-26 10:17:52 +0700
Served asset /home.js - 304 Not Modified (0ms)


Started GET "/assets/users.js?body=1" for 127.0.0.1 at 2012-11-26 10:17:52 +0700
Served asset /users.js - 304 Not Modified (0ms)


Started GET "/assets/application.js?body=1" for 127.0.0.1 at 2012-11-26 10:17:52 +0700
Served asset /application.js - 304 Not Modified (2ms)


Started PUT "/users/1" for 127.0.0.1 at 2012-11-26 10:18:00 +0700
Processing by UsersController#update as HTML
  Parameters: {"utf8"=>"✓", "authenticity_token"=>"gkKNs+tMIOBhp1nMofVRcjLWY2+7M13iA+qVCoJp480=", "user"=>{"username"=>"tavtho", "password"=>"[FILTERED]", "full_name"=>"Tho Ta Van"}, "commit"=>"Update User", "id"=>"1"}
  [1m[35mUser Load (0.3ms)[0m  SELECT `users`.* FROM `users` WHERE `users`.`id` = 1 LIMIT 1
  [1m[36m (0.1ms)[0m  [1mBEGIN[0m
[paperclip] Saving attachments.
  [1m[35m (0.2ms)[0m  COMMIT
Redirected to http://localhost:3000/users/1
Completed 302 Found in 8ms (ActiveRecord: 0.6ms)


Started GET "/users/1" for 127.0.0.1 at 2012-11-26 10:18:00 +0700
Processing by UsersController#show as HTML
  Parameters: {"id"=>"1"}
  [1m[36mUser Load (0.1ms)[0m  [1mSELECT `users`.* FROM `users` WHERE `users`.`id` = 1 LIMIT 1[0m
  Rendered users/show.html.erb within layouts/application (0.4ms)
Completed 200 OK in 34ms (Views: 32.9ms | ActiveRecord: 0.1ms)


Started GET "/assets/application.css?body=1" for 127.0.0.1 at 2012-11-26 10:18:00 +0700
Served asset /application.css - 304 Not Modified (8ms)


Started GET "/assets/home.css?body=1" for 127.0.0.1 at 2012-11-26 10:18:00 +0700
Served asset /home.css - 304 Not Modified (0ms)


Started GET "/assets/scaffolds.css?body=1" for 127.0.0.1 at 2012-11-26 10:18:00 +0700
Served asset /scaffolds.css - 304 Not Modified (0ms)


Started GET "/assets/jquery.js?body=1" for 127.0.0.1 at 2012-11-26 10:18:00 +0700
Served asset /jquery.js - 304 Not Modified (4ms)


Started GET "/assets/users.css?body=1" for 127.0.0.1 at 2012-11-26 10:18:00 +0700
Served asset /users.css - 304 Not Modified (0ms)


Started GET "/assets/jquery_ujs.js?body=1" for 127.0.0.1 at 2012-11-26 10:18:00 +0700
Served asset /jquery_ujs.js - 304 Not Modified (0ms)


Started GET "/assets/home.js?body=1" for 127.0.0.1 at 2012-11-26 10:18:00 +0700
Served asset /home.js - 304 Not Modified (0ms)


Started GET "/assets/users.js?body=1" for 127.0.0.1 at 2012-11-26 10:18:00 +0700
Served asset /users.js - 304 Not Modified (0ms)


Started GET "/assets/application.js?body=1" for 127.0.0.1 at 2012-11-26 10:18:00 +0700
Served asset /application.js - 304 Not Modified (1ms)


Started GET "/users" for 127.0.0.1 at 2012-11-26 10:18:02 +0700
Processing by UsersController#index as HTML
  [1m[35mUser Load (0.3ms)[0m  SELECT `users`.* FROM `users` 
  Rendered users/index.html.erb within layouts/application (2.6ms)
Completed 200 OK in 14ms (Views: 12.5ms | ActiveRecord: 0.3ms)


Started GET "/assets/application.css?body=1" for 127.0.0.1 at 2012-11-26 10:18:02 +0700
Served asset /application.css - 304 Not Modified (9ms)


Started GET "/assets/scaffolds.css?body=1" for 127.0.0.1 at 2012-11-26 10:18:02 +0700
Served asset /scaffolds.css - 304 Not Modified (0ms)


Started GET "/assets/home.css?body=1" for 127.0.0.1 at 2012-11-26 10:18:02 +0700
Served asset /home.css - 304 Not Modified (3ms)


Started GET "/assets/jquery.js?body=1" for 127.0.0.1 at 2012-11-26 10:18:02 +0700
Served asset /jquery.js - 304 Not Modified (10ms)


Started GET "/assets/jquery_ujs.js?body=1" for 127.0.0.1 at 2012-11-26 10:18:02 +0700
Served asset /jquery_ujs.js - 304 Not Modified (0ms)


Started GET "/assets/users.css?body=1" for 127.0.0.1 at 2012-11-26 10:18:02 +0700
Served asset /users.css - 304 Not Modified (0ms)


Started GET "/assets/home.js?body=1" for 127.0.0.1 at 2012-11-26 10:18:02 +0700
Served asset /home.js - 304 Not Modified (0ms)


Started GET "/assets/users.js?body=1" for 127.0.0.1 at 2012-11-26 10:18:02 +0700
Served asset /users.js - 304 Not Modified (0ms)


Started GET "/assets/application.js?body=1" for 127.0.0.1 at 2012-11-26 10:18:02 +0700
Served asset /application.js - 304 Not Modified (1ms)


Started GET "/users/1/edit" for 127.0.0.1 at 2012-11-26 10:18:04 +0700
Processing by UsersController#edit as HTML
  Parameters: {"id"=>"1"}
  [1m[36mUser Load (0.3ms)[0m  [1mSELECT `users`.* FROM `users` WHERE `users`.`id` = 1 LIMIT 1[0m
  Rendered users/_form.html.erb (2.4ms)
  Rendered users/edit.html.erb within layouts/application (3.9ms)
Completed 200 OK in 13ms (Views: 10.6ms | ActiveRecord: 0.3ms)


Started GET "/assets/application.css?body=1" for 127.0.0.1 at 2012-11-26 10:18:05 +0700
Served asset /application.css - 304 Not Modified (8ms)


Started GET "/assets/users.css?body=1" for 127.0.0.1 at 2012-11-26 10:18:05 +0700
Served asset /users.css - 304 Not Modified (0ms)


Started GET "/assets/home.css?body=1" for 127.0.0.1 at 2012-11-26 10:18:05 +0700
Served asset /home.css - 304 Not Modified (0ms)


Started GET "/assets/jquery_ujs.js?body=1" for 127.0.0.1 at 2012-11-26 10:18:05 +0700
Served asset /jquery_ujs.js - 304 Not Modified (0ms)


Started GET "/assets/jquery.js?body=1" for 127.0.0.1 at 2012-11-26 10:18:05 +0700
Served asset /jquery.js - 304 Not Modified (2ms)


Started GET "/assets/scaffolds.css?body=1" for 127.0.0.1 at 2012-11-26 10:18:05 +0700
Served asset /scaffolds.css - 304 Not Modified (0ms)


Started GET "/assets/home.js?body=1" for 127.0.0.1 at 2012-11-26 10:18:05 +0700
Served asset /home.js - 304 Not Modified (0ms)


Started GET "/assets/users.js?body=1" for 127.0.0.1 at 2012-11-26 10:18:05 +0700
Served asset /users.js - 304 Not Modified (0ms)


Started GET "/assets/application.js?body=1" for 127.0.0.1 at 2012-11-26 10:18:05 +0700
Served asset /application.js - 304 Not Modified (1ms)


Started PUT "/users/1" for 127.0.0.1 at 2012-11-26 10:18:21 +0700
Processing by UsersController#update as HTML
  Parameters: {"utf8"=>"✓", "authenticity_token"=>"gkKNs+tMIOBhp1nMofVRcjLWY2+7M13iA+qVCoJp480=", "user"=>{"username"=>"tavtho", "password"=>"[FILTERED]", "full_name"=>"Tho Ta Van", "avatar"=>#<ActionDispatch::Http::UploadedFile:0x9139bc0 @original_filename="login.html", @content_type="text/html", @headers="Content-Disposition: form-data; name=\"user[avatar]\"; filename=\"login.html\"\r\nContent-Type: text/html\r\n", @tempfile=#<File:/tmp/RackMultipart20121126-5980-19ndc5v>>}, "commit"=>"Update User", "id"=>"1"}
  [1m[35mUser Load (0.1ms)[0m  SELECT `users`.* FROM `users` WHERE `users`.`id` = 1 LIMIT 1
  [1m[36m (0.1ms)[0m  [1mBEGIN[0m
Command :: identify -format %wx%h '/tmp/login20121126-5980-c79mwb.html[0]'
[paperclip] An error was received while processing: #<Paperclip::Errors::NotIdentifiedByImageMagickError: /tmp/login20121126-5980-c79mwb.html is not recognized by the 'identify' command.>
Command :: identify -format %wx%h '/tmp/login20121126-5980-c79mwb.html[0]'
[paperclip] An error was received while processing: #<Paperclip::Errors::NotIdentifiedByImageMagickError: /tmp/login20121126-5980-c79mwb.html is not recognized by the 'identify' command.>
  [1m[35m (0.1ms)[0m  ROLLBACK
  Rendered users/_form.html.erb (6.2ms)
  Rendered users/edit.html.erb within layouts/application (8.1ms)
Completed 200 OK in 85ms (Views: 41.4ms | ActiveRecord: 0.4ms)


Started GET "/assets/application.css?body=1" for 127.0.0.1 at 2012-11-26 10:18:21 +0700
Served asset /application.css - 304 Not Modified (3ms)


Started GET "/assets/home.css?body=1" for 127.0.0.1 at 2012-11-26 10:18:21 +0700
Served asset /home.css - 304 Not Modified (2ms)


Started GET "/assets/scaffolds.css?body=1" for 127.0.0.1 at 2012-11-26 10:18:21 +0700
Served asset /scaffolds.css - 304 Not Modified (1ms)


Started GET "/assets/users.css?body=1" for 127.0.0.1 at 2012-11-26 10:18:21 +0700
Served asset /users.css - 304 Not Modified (1ms)


Started GET "/assets/jquery.js?body=1" for 127.0.0.1 at 2012-11-26 10:18:21 +0700
Served asset /jquery.js - 304 Not Modified (2ms)


Started GET "/assets/home.js?body=1" for 127.0.0.1 at 2012-11-26 10:18:21 +0700
Served asset /home.js - 304 Not Modified (0ms)


Started GET "/assets/jquery_ujs.js?body=1" for 127.0.0.1 at 2012-11-26 10:18:21 +0700
Served asset /jquery_ujs.js - 304 Not Modified (0ms)


Started GET "/assets/users.js?body=1" for 127.0.0.1 at 2012-11-26 10:18:21 +0700
Served asset /users.js - 304 Not Modified (0ms)


Started GET "/assets/application.js?body=1" for 127.0.0.1 at 2012-11-26 10:18:21 +0700
Served asset /application.js - 304 Not Modified (2ms)
Connecting to database specified by database.yml
  [1m[36m (2.6ms)[0m  [1mSELECT `schema_migrations`.`version` FROM `schema_migrations` [0m
  [1m[35m (0.3ms)[0m  SELECT `schema_migrations`.`version` FROM `schema_migrations` 
Migrating to AddAttachmentAvatarToUsers (20121126030306)
  [1m[36m (240.0ms)[0m  [1mALTER TABLE `users` DROP `avatar_file_name`[0m
  [1m[35m (226.4ms)[0m  ALTER TABLE `users` DROP `avatar_content_type`
  [1m[36m (267.8ms)[0m  [1mALTER TABLE `users` DROP `avatar_file_size`[0m
  [1m[35m (226.4ms)[0m  ALTER TABLE `users` DROP `avatar_updated_at`
  [1m[36m (32.7ms)[0m  [1mDELETE FROM `schema_migrations` WHERE `schema_migrations`.`version` = '20121126030306'[0m
  [1m[35m (0.3ms)[0m  SELECT `schema_migrations`.`version` FROM `schema_migrations` 
Connecting to database specified by database.yml
  [1m[36m (2.5ms)[0m  [1mSELECT `schema_migrations`.`version` FROM `schema_migrations` [0m
Migrating to CreateUsers (20121126024458)
Migrating to AddAttachmentAvatarToUsers (20121126030306)
DEPRECATION WARNING: Method `t.has_attached_file` in the migration has been deprecated and will be replaced by `t.attachment`. (called from block in up at /home/thota/aptana_workspace/my_ror_advance/db/migrate/20121126030306_add_attachment_avatar_to_users.rb:4)
  [1m[35m (275.3ms)[0m  ALTER TABLE `users` ADD `avatar_file_name` varchar(255)
  [1m[36m (242.8ms)[0m  [1mALTER TABLE `users` ADD `avatar_content_type` varchar(255)[0m
  [1m[35m (201.5ms)[0m  ALTER TABLE `users` ADD `avatar_file_size` int(11)
  [1m[36m (201.1ms)[0m  [1mALTER TABLE `users` ADD `avatar_updated_at` datetime[0m
  [1m[35m (32.1ms)[0m  INSERT INTO `schema_migrations` (`version`) VALUES ('20121126030306')
  [1m[36m (0.4ms)[0m  [1mSELECT `schema_migrations`.`version` FROM `schema_migrations` [0m


Started GET "/" for 127.0.0.1 at 2012-11-26 10:21:22 +0700
Connecting to database specified by database.yml
Processing by HomeController#index as HTML
  Rendered home/index.html.erb within layouts/application (2.1ms)
Completed 200 OK in 51ms (Views: 50.8ms | ActiveRecord: 0.0ms)


Started GET "/assets/application.css?body=1" for 127.0.0.1 at 2012-11-26 10:21:23 +0700
Served asset /application.css - 304 Not Modified (13ms)


Started GET "/assets/users.css?body=1" for 127.0.0.1 at 2012-11-26 10:21:23 +0700
Served asset /users.css - 304 Not Modified (1ms)


Started GET "/assets/home.css?body=1" for 127.0.0.1 at 2012-11-26 10:21:23 +0700
Served asset /home.css - 304 Not Modified (1ms)


Started GET "/assets/scaffolds.css?body=1" for 127.0.0.1 at 2012-11-26 10:21:23 +0700
Served asset /scaffolds.css - 304 Not Modified (1ms)


Started GET "/assets/jquery.js?body=1" for 127.0.0.1 at 2012-11-26 10:21:23 +0700
Served asset /jquery.js - 304 Not Modified (3ms)


Started GET "/assets/jquery_ujs.js?body=1" for 127.0.0.1 at 2012-11-26 10:21:23 +0700
Served asset /jquery_ujs.js - 304 Not Modified (2ms)


Started GET "/assets/home.js?body=1" for 127.0.0.1 at 2012-11-26 10:21:23 +0700
Served asset /home.js - 304 Not Modified (1ms)


Started GET "/assets/users.js?body=1" for 127.0.0.1 at 2012-11-26 10:21:23 +0700
Served asset /users.js - 304 Not Modified (1ms)


Started GET "/assets/application.js?body=1" for 127.0.0.1 at 2012-11-26 10:21:23 +0700
Served asset /application.js - 304 Not Modified (30ms)


Started GET "/users" for 127.0.0.1 at 2012-11-26 10:21:24 +0700
Processing by UsersController#index as HTML
  [1m[36mUser Load (0.5ms)[0m  [1mSELECT `users`.* FROM `users` [0m
  Rendered users/index.html.erb within layouts/application (1.9ms)
Completed 200 OK in 56ms (Views: 7.3ms | ActiveRecord: 2.1ms)


Started GET "/assets/application.css?body=1" for 127.0.0.1 at 2012-11-26 10:21:24 +0700
Served asset /application.css - 304 Not Modified (7ms)


Started GET "/assets/scaffolds.css?body=1" for 127.0.0.1 at 2012-11-26 10:21:24 +0700
Served asset /scaffolds.css - 304 Not Modified (0ms)


Started GET "/assets/jquery_ujs.js?body=1" for 127.0.0.1 at 2012-11-26 10:21:24 +0700
Served asset /jquery_ujs.js - 304 Not Modified (0ms)


Started GET "/assets/home.css?body=1" for 127.0.0.1 at 2012-11-26 10:21:24 +0700
Served asset /home.css - 304 Not Modified (0ms)


Started GET "/assets/users.css?body=1" for 127.0.0.1 at 2012-11-26 10:21:24 +0700
Served asset /users.css - 304 Not Modified (0ms)


Started GET "/assets/home.js?body=1" for 127.0.0.1 at 2012-11-26 10:21:24 +0700
Served asset /home.js - 304 Not Modified (0ms)


Started GET "/assets/users.js?body=1" for 127.0.0.1 at 2012-11-26 10:21:24 +0700
Served asset /users.js - 304 Not Modified (0ms)


Started GET "/assets/jquery.js?body=1" for 127.0.0.1 at 2012-11-26 10:21:24 +0700
Served asset /jquery.js - 304 Not Modified (1ms)


Started GET "/assets/application.js?body=1" for 127.0.0.1 at 2012-11-26 10:21:24 +0700
Served asset /application.js - 304 Not Modified (2ms)


Started GET "/users/1/edit" for 127.0.0.1 at 2012-11-26 10:21:25 +0700
Processing by UsersController#edit as HTML
  Parameters: {"id"=>"1"}
  [1m[35mUser Load (0.3ms)[0m  SELECT `users`.* FROM `users` WHERE `users`.`id` = 1 LIMIT 1
  Rendered users/_form.html.erb (27.2ms)
  Rendered users/edit.html.erb within layouts/application (33.4ms)
Completed 200 OK in 45ms (Views: 41.3ms | ActiveRecord: 0.3ms)


Started GET "/assets/application.css?body=1" for 127.0.0.1 at 2012-11-26 10:21:25 +0700
Served asset /application.css - 304 Not Modified (0ms)


Started GET "/assets/home.css?body=1" for 127.0.0.1 at 2012-11-26 10:21:25 +0700
Served asset /home.css - 304 Not Modified (0ms)


Started GET "/assets/users.css?body=1" for 127.0.0.1 at 2012-11-26 10:21:25 +0700
Served asset /users.css - 304 Not Modified (0ms)


Started GET "/assets/scaffolds.css?body=1" for 127.0.0.1 at 2012-11-26 10:21:25 +0700
Served asset /scaffolds.css - 304 Not Modified (4ms)


Started GET "/assets/jquery.js?body=1" for 127.0.0.1 at 2012-11-26 10:21:25 +0700
Served asset /jquery.js - 304 Not Modified (7ms)


Started GET "/assets/jquery_ujs.js?body=1" for 127.0.0.1 at 2012-11-26 10:21:25 +0700
Served asset /jquery_ujs.js - 304 Not Modified (2ms)


Started GET "/assets/home.js?body=1" for 127.0.0.1 at 2012-11-26 10:21:25 +0700
Served asset /home.js - 304 Not Modified (0ms)


Started GET "/assets/users.js?body=1" for 127.0.0.1 at 2012-11-26 10:21:25 +0700
Served asset /users.js - 304 Not Modified (0ms)


Started GET "/assets/application.js?body=1" for 127.0.0.1 at 2012-11-26 10:21:25 +0700
Served asset /application.js - 304 Not Modified (1ms)


Started PUT "/users/1" for 127.0.0.1 at 2012-11-26 10:21:31 +0700
Processing by UsersController#update as HTML
  Parameters: {"utf8"=>"✓", "authenticity_token"=>"gkKNs+tMIOBhp1nMofVRcjLWY2+7M13iA+qVCoJp480=", "user"=>{"username"=>"tavtho", "password"=>"[FILTERED]", "full_name"=>"Tho Ta Van", "avatar"=>#<ActionDispatch::Http::UploadedFile:0xa6cf1c4 @original_filename="login.html", @content_type="text/html", @headers="Content-Disposition: form-data; name=\"user[avatar]\"; filename=\"login.html\"\r\nContent-Type: text/html\r\n", @tempfile=#<File:/tmp/RackMultipart20121126-6230-ety0kv>>}, "commit"=>"Update User", "id"=>"1"}
  [1m[36mUser Load (0.1ms)[0m  [1mSELECT `users`.* FROM `users` WHERE `users`.`id` = 1 LIMIT 1[0m
  [1m[35m (0.1ms)[0m  BEGIN
Command :: identify -format %wx%h '/tmp/login20121126-6230-18y0a95.html[0]'
[paperclip] An error was received while processing: #<Paperclip::Errors::NotIdentifiedByImageMagickError: /tmp/login20121126-6230-18y0a95.html is not recognized by the 'identify' command.>
Command :: identify -format %wx%h '/tmp/login20121126-6230-18y0a95.html[0]'
[paperclip] An error was received while processing: #<Paperclip::Errors::NotIdentifiedByImageMagickError: /tmp/login20121126-6230-18y0a95.html is not recognized by the 'identify' command.>
  [1m[36m (0.1ms)[0m  [1mROLLBACK[0m
  Rendered users/_form.html.erb (7.9ms)
  Rendered users/edit.html.erb within layouts/application (9.4ms)
Completed 200 OK in 48ms (Views: 17.5ms | ActiveRecord: 0.3ms)


Started GET "/assets/home.css?body=1" for 127.0.0.1 at 2012-11-26 10:21:31 +0700
Served asset /home.css - 304 Not Modified (1ms)


Started GET "/assets/home.js?body=1" for 127.0.0.1 at 2012-11-26 10:21:31 +0700
Served asset /home.js - 304 Not Modified (0ms)


Started GET "/assets/application.css?body=1" for 127.0.0.1 at 2012-11-26 10:21:31 +0700
Served asset /application.css - 304 Not Modified (2ms)


Started GET "/assets/users.css?body=1" for 127.0.0.1 at 2012-11-26 10:21:31 +0700
Served asset /users.css - 304 Not Modified (0ms)


Started GET "/assets/scaffolds.css?body=1" for 127.0.0.1 at 2012-11-26 10:21:31 +0700
Served asset /scaffolds.css - 304 Not Modified (0ms)


Started GET "/assets/jquery.js?body=1" for 127.0.0.1 at 2012-11-26 10:21:31 +0700
Served asset /jquery.js - 304 Not Modified (0ms)


Started GET "/assets/users.js?body=1" for 127.0.0.1 at 2012-11-26 10:21:31 +0700
Served asset /users.js - 304 Not Modified (0ms)


Started GET "/assets/application.js?body=1" for 127.0.0.1 at 2012-11-26 10:21:31 +0700
Served asset /application.js - 304 Not Modified (1ms)


Started GET "/assets/jquery_ujs.js?body=1" for 127.0.0.1 at 2012-11-26 10:21:31 +0700
Served asset /jquery_ujs.js - 304 Not Modified (0ms)


Started PUT "/users/1" for 127.0.0.1 at 2012-11-26 10:23:09 +0700
Processing by UsersController#update as HTML
  Parameters: {"utf8"=>"✓", "authenticity_token"=>"gkKNs+tMIOBhp1nMofVRcjLWY2+7M13iA+qVCoJp480=", "user"=>{"username"=>"tavtho", "password"=>"[FILTERED]", "full_name"=>"Tho Ta Van"}, "commit"=>"Update User", "id"=>"1"}
  [1m[35mUser Load (0.1ms)[0m  SELECT `users`.* FROM `users` WHERE `users`.`id` = 1 LIMIT 1
  [1m[36m (0.2ms)[0m  [1mBEGIN[0m
  [1m[35m (0.1ms)[0m  ROLLBACK
  Rendered users/_form.html.erb (3.1ms)
  Rendered users/edit.html.erb within layouts/application (4.0ms)
Completed 200 OK in 27ms (Views: 10.6ms | ActiveRecord: 2.3ms)


Started GET "/assets/application.css?body=1" for 127.0.0.1 at 2012-11-26 10:23:09 +0700
Served asset /application.css - 304 Not Modified (6ms)


Started GET "/assets/users.css?body=1" for 127.0.0.1 at 2012-11-26 10:23:09 +0700
Served asset /users.css - 304 Not Modified (0ms)


Started GET "/assets/home.css?body=1" for 127.0.0.1 at 2012-11-26 10:23:09 +0700
Served asset /home.css - 304 Not Modified (0ms)


Started GET "/assets/scaffolds.css?body=1" for 127.0.0.1 at 2012-11-26 10:23:09 +0700
Served asset /scaffolds.css - 304 Not Modified (1ms)


Started GET "/assets/jquery.js?body=1" for 127.0.0.1 at 2012-11-26 10:23:09 +0700
Served asset /jquery.js - 304 Not Modified (1ms)


Started GET "/assets/jquery_ujs.js?body=1" for 127.0.0.1 at 2012-11-26 10:23:09 +0700
Served asset /jquery_ujs.js - 304 Not Modified (0ms)


Started GET "/assets/home.js?body=1" for 127.0.0.1 at 2012-11-26 10:23:09 +0700
Served asset /home.js - 304 Not Modified (0ms)


Started GET "/assets/users.js?body=1" for 127.0.0.1 at 2012-11-26 10:23:09 +0700
Served asset /users.js - 304 Not Modified (0ms)


Started GET "/assets/application.js?body=1" for 127.0.0.1 at 2012-11-26 10:23:09 +0700
Served asset /application.js - 304 Not Modified (1ms)


Started PUT "/users/1" for 127.0.0.1 at 2012-11-26 10:23:21 +0700
Processing by UsersController#update as HTML
  Parameters: {"utf8"=>"✓", "authenticity_token"=>"gkKNs+tMIOBhp1nMofVRcjLWY2+7M13iA+qVCoJp480=", "user"=>{"username"=>"tavtho", "password"=>"[FILTERED]", "full_name"=>"Tho Ta Van", "avatar"=>#<ActionDispatch::Http::UploadedFile:0xa6f2250 @original_filename="arrow_img.png", @content_type="image/png", @headers="Content-Disposition: form-data; name=\"user[avatar]\"; filename=\"arrow_img.png\"\r\nContent-Type: image/png\r\n", @tempfile=#<File:/tmp/RackMultipart20121126-6230-pt5yc1>>}, "commit"=>"Update User", "id"=>"1"}
  [1m[36mUser Load (0.1ms)[0m  [1mSELECT `users`.* FROM `users` WHERE `users`.`id` = 1 LIMIT 1[0m
  [1m[35m (0.3ms)[0m  BEGIN
Command :: identify -format %wx%h '/tmp/arrow_img20121126-6230-33ziix.png[0]'
Command :: identify -format %m '/tmp/arrow_img20121126-6230-33ziix.png[0]'
Command :: identify -format %m '/tmp/arrow_img20121126-6230-33ziix.png[0]'
Command :: convert '/tmp/arrow_img20121126-6230-33ziix.png[0]' -auto-orient -resize "300x300>" '/tmp/arrow_img20121126-6230-33ziix20121126-6230-4vpvyp'
Command :: file -b --mime '/tmp/arrow_img20121126-6230-33ziix20121126-6230-4vpvyp'
Command :: identify -format %wx%h '/tmp/arrow_img20121126-6230-33ziix.png[0]'
Command :: identify -format %m '/tmp/arrow_img20121126-6230-33ziix.png[0]'
Command :: identify -format %m '/tmp/arrow_img20121126-6230-33ziix.png[0]'
Command :: convert '/tmp/arrow_img20121126-6230-33ziix.png[0]' -auto-orient -resize "100x100>" '/tmp/arrow_img20121126-6230-33ziix20121126-6230-1lkyymy'
Command :: file -b --mime '/tmp/arrow_img20121126-6230-33ziix20121126-6230-1lkyymy'
  [1m[36m (1.5ms)[0m  [1mUPDATE `users` SET `avatar_file_name` = 'arrow_img.png', `avatar_content_type` = 'image/png', `avatar_file_size` = 2592, `avatar_updated_at` = '2012-11-26 03:23:21', `updated_at` = '2012-11-26 03:23:21' WHERE `users`.`id` = 1[0m
[paperclip] Saving attachments.
  [1m[35m (39.8ms)[0m  COMMIT
Redirected to http://localhost:3000/users/1
Completed 302 Found in 331ms (ActiveRecord: 41.6ms)


Started GET "/users/1" for 127.0.0.1 at 2012-11-26 10:23:21 +0700
Processing by UsersController#show as HTML
  Parameters: {"id"=>"1"}
  [1m[36mUser Load (0.5ms)[0m  [1mSELECT `users`.* FROM `users` WHERE `users`.`id` = 1 LIMIT 1[0m
  Rendered users/show.html.erb within layouts/application (3.1ms)
Completed 200 OK in 18ms (Views: 16.1ms | ActiveRecord: 0.5ms)


Started GET "/assets/scaffolds.css?body=1" for 127.0.0.1 at 2012-11-26 10:23:21 +0700
Served asset /scaffolds.css - 304 Not Modified (3ms)


Started GET "/assets/home.css?body=1" for 127.0.0.1 at 2012-11-26 10:23:21 +0700
Served asset /home.css - 304 Not Modified (0ms)


Started GET "/assets/users.css?body=1" for 127.0.0.1 at 2012-11-26 10:23:21 +0700
Served asset /users.css - 304 Not Modified (0ms)


Started GET "/assets/application.css?body=1" for 127.0.0.1 at 2012-11-26 10:23:21 +0700
Served asset /application.css - 304 Not Modified (1ms)


Started GET "/assets/jquery_ujs.js?body=1" for 127.0.0.1 at 2012-11-26 10:23:21 +0700
Served asset /jquery_ujs.js - 304 Not Modified (0ms)


Started GET "/assets/jquery.js?body=1" for 127.0.0.1 at 2012-11-26 10:23:21 +0700
Served asset /jquery.js - 304 Not Modified (0ms)


Started GET "/assets/home.js?body=1" for 127.0.0.1 at 2012-11-26 10:23:21 +0700
Served asset /home.js - 304 Not Modified (0ms)


Started GET "/assets/users.js?body=1" for 127.0.0.1 at 2012-11-26 10:23:21 +0700
Served asset /users.js - 304 Not Modified (0ms)


Started GET "/assets/application.js?body=1" for 127.0.0.1 at 2012-11-26 10:23:21 +0700
Served asset /application.js - 304 Not Modified (3ms)


Started GET "/users/1" for 127.0.0.1 at 2012-11-26 10:34:17 +0700
Processing by UsersController#show as HTML
  Parameters: {"id"=>"1"}
  [1m[35mUser Load (0.1ms)[0m  SELECT `users`.* FROM `users` WHERE `users`.`id` = 1 LIMIT 1
  Rendered users/show.html.erb within layouts/application (6.1ms)
Completed 200 OK in 37ms (Views: 36.2ms | ActiveRecord: 0.1ms)


Started GET "/assets/home.css?body=1" for 127.0.0.1 at 2012-11-26 10:34:17 +0700
Served asset /home.css - 304 Not Modified (7ms)


Started GET "/assets/users.css?body=1" for 127.0.0.1 at 2012-11-26 10:34:17 +0700
Served asset /users.css - 304 Not Modified (0ms)


Started GET "/assets/scaffolds.css?body=1" for 127.0.0.1 at 2012-11-26 10:34:17 +0700
Served asset /scaffolds.css - 304 Not Modified (0ms)


Started GET "/assets/jquery_ujs.js?body=1" for 127.0.0.1 at 2012-11-26 10:34:17 +0700
Served asset /jquery_ujs.js - 304 Not Modified (0ms)


Started GET "/assets/application.css?body=1" for 127.0.0.1 at 2012-11-26 10:34:17 +0700
Served asset /application.css - 304 Not Modified (1ms)


Started GET "/assets/jquery.js?body=1" for 127.0.0.1 at 2012-11-26 10:34:17 +0700
Served asset /jquery.js - 304 Not Modified (2ms)


Started GET "/assets/home.js?body=1" for 127.0.0.1 at 2012-11-26 10:34:17 +0700
Served asset /home.js - 304 Not Modified (0ms)


Started GET "/assets/application.js?body=1" for 127.0.0.1 at 2012-11-26 10:34:17 +0700
Served asset /application.js - 304 Not Modified (1ms)


Started GET "/assets/users.js?body=1" for 127.0.0.1 at 2012-11-26 10:34:17 +0700
Served asset /users.js - 304 Not Modified (0ms)


Started GET "/users/1/edit" for 127.0.0.1 at 2012-11-26 10:34:19 +0700
Processing by UsersController#edit as HTML
  Parameters: {"id"=>"1"}
  [1m[36mUser Load (0.1ms)[0m  [1mSELECT `users`.* FROM `users` WHERE `users`.`id` = 1 LIMIT 1[0m
  Rendered users/_form.html.erb (3.1ms)
  Rendered users/edit.html.erb within layouts/application (4.0ms)
Completed 200 OK in 12ms (Views: 9.7ms | ActiveRecord: 0.1ms)


Started GET "/assets/application.css?body=1" for 127.0.0.1 at 2012-11-26 10:34:19 +0700
Served asset /application.css - 304 Not Modified (3ms)


Started GET "/assets/home.css?body=1" for 127.0.0.1 at 2012-11-26 10:34:19 +0700
Served asset /home.css - 304 Not Modified (1ms)


Started GET "/assets/scaffolds.css?body=1" for 127.0.0.1 at 2012-11-26 10:34:19 +0700
Served asset /scaffolds.css - 304 Not Modified (0ms)


Started GET "/assets/jquery.js?body=1" for 127.0.0.1 at 2012-11-26 10:34:19 +0700
Served asset /jquery.js - 304 Not Modified (7ms)


Started GET "/assets/users.css?body=1" for 127.0.0.1 at 2012-11-26 10:34:19 +0700
Served asset /users.css - 304 Not Modified (0ms)


Started GET "/assets/jquery_ujs.js?body=1" for 127.0.0.1 at 2012-11-26 10:34:19 +0700
Served asset /jquery_ujs.js - 304 Not Modified (1ms)


Started GET "/assets/home.js?body=1" for 127.0.0.1 at 2012-11-26 10:34:19 +0700
Served asset /home.js - 304 Not Modified (0ms)


Started GET "/assets/users.js?body=1" for 127.0.0.1 at 2012-11-26 10:34:19 +0700
Served asset /users.js - 304 Not Modified (0ms)


Started GET "/assets/application.js?body=1" for 127.0.0.1 at 2012-11-26 10:34:19 +0700
Served asset /application.js - 304 Not Modified (1ms)


Started PUT "/users/1" for 127.0.0.1 at 2012-11-26 10:34:29 +0700
Processing by UsersController#update as HTML
  Parameters: {"utf8"=>"✓", "authenticity_token"=>"gkKNs+tMIOBhp1nMofVRcjLWY2+7M13iA+qVCoJp480=", "user"=>{"username"=>"tavtho", "password"=>"[FILTERED]", "full_name"=>"Tho Ta Van", "avatar"=>#<ActionDispatch::Http::UploadedFile:0xa58dc84 @original_filename="T-shirt_img.jpg", @content_type="image/jpeg", @headers="Content-Disposition: form-data; name=\"user[avatar]\"; filename=\"T-shirt_img.jpg\"\r\nContent-Type: image/jpeg\r\n", @tempfile=#<File:/tmp/RackMultipart20121126-6230-jftx64>>}, "commit"=>"Update User", "id"=>"1"}
  [1m[35mUser Load (0.2ms)[0m  SELECT `users`.* FROM `users` WHERE `users`.`id` = 1 LIMIT 1
  [1m[36m (0.1ms)[0m  [1mBEGIN[0m
Command :: identify -format %wx%h '/tmp/T-shirt_img20121126-6230-titoe8.jpg[0]'
Command :: identify -format %m '/tmp/T-shirt_img20121126-6230-titoe8.jpg[0]'
Command :: identify -format %m '/tmp/T-shirt_img20121126-6230-titoe8.jpg[0]'
Command :: convert '/tmp/T-shirt_img20121126-6230-titoe8.jpg[0]' -auto-orient -resize "300x300>" '/tmp/T-shirt_img20121126-6230-titoe820121126-6230-1oddyp3'
Command :: file -b --mime '/tmp/T-shirt_img20121126-6230-titoe820121126-6230-1oddyp3'
Command :: identify -format %wx%h '/tmp/T-shirt_img20121126-6230-titoe8.jpg[0]'
Command :: identify -format %m '/tmp/T-shirt_img20121126-6230-titoe8.jpg[0]'
Command :: identify -format %m '/tmp/T-shirt_img20121126-6230-titoe8.jpg[0]'
Command :: convert '/tmp/T-shirt_img20121126-6230-titoe8.jpg[0]' -auto-orient -resize "100x100>" '/tmp/T-shirt_img20121126-6230-titoe820121126-6230-1ffbqn2'
Command :: file -b --mime '/tmp/T-shirt_img20121126-6230-titoe820121126-6230-1ffbqn2'
  [1m[35m (0.3ms)[0m  UPDATE `users` SET `avatar_file_name` = 'T-shirt_img.jpg', `avatar_content_type` = 'image/jpeg', `avatar_file_size` = 70500, `avatar_updated_at` = '2012-11-26 03:34:29', `updated_at` = '2012-11-26 03:34:30' WHERE `users`.`id` = 1
[paperclip] Saving attachments.
[paperclip] deleting /home/thota/aptana_workspace/my_ror_advance/public/system/users/avatars/000/000/001/original/arrow_img.png
[paperclip] deleting /home/thota/aptana_workspace/my_ror_advance/public/system/users/avatars/000/000/001/medium/arrow_img.png
[paperclip] deleting /home/thota/aptana_workspace/my_ror_advance/public/system/users/avatars/000/000/001/thumb/arrow_img.png
  [1m[36m (37.2ms)[0m  [1mCOMMIT[0m
Redirected to http://localhost:3000/users/1
Completed 302 Found in 329ms (ActiveRecord: 37.8ms)


Started GET "/users/1" for 127.0.0.1 at 2012-11-26 10:34:30 +0700
Processing by UsersController#show as HTML
  Parameters: {"id"=>"1"}
  [1m[35mUser Load (0.6ms)[0m  SELECT `users`.* FROM `users` WHERE `users`.`id` = 1 LIMIT 1
  Rendered users/show.html.erb within layouts/application (3.7ms)
Completed 200 OK in 11ms (Views: 9.3ms | ActiveRecord: 0.6ms)


Started GET "/assets/application.css?body=1" for 127.0.0.1 at 2012-11-26 10:34:30 +0700
Served asset /application.css - 304 Not Modified (0ms)


Started GET "/assets/home.css?body=1" for 127.0.0.1 at 2012-11-26 10:34:30 +0700
Served asset /home.css - 304 Not Modified (0ms)


Started GET "/assets/scaffolds.css?body=1" for 127.0.0.1 at 2012-11-26 10:34:30 +0700
Served asset /scaffolds.css - 304 Not Modified (1ms)


Started GET "/assets/users.css?body=1" for 127.0.0.1 at 2012-11-26 10:34:30 +0700
Served asset /users.css - 304 Not Modified (0ms)


Started GET "/assets/jquery.js?body=1" for 127.0.0.1 at 2012-11-26 10:34:30 +0700
Served asset /jquery.js - 304 Not Modified (1ms)


Started GET "/assets/jquery_ujs.js?body=1" for 127.0.0.1 at 2012-11-26 10:34:30 +0700
Served asset /jquery_ujs.js - 304 Not Modified (0ms)


Started GET "/assets/home.js?body=1" for 127.0.0.1 at 2012-11-26 10:34:30 +0700
Served asset /home.js - 304 Not Modified (0ms)


Started GET "/assets/users.js?body=1" for 127.0.0.1 at 2012-11-26 10:34:30 +0700
Served asset /users.js - 304 Not Modified (0ms)


Started GET "/assets/application.js?body=1" for 127.0.0.1 at 2012-11-26 10:34:30 +0700
Served asset /application.js - 304 Not Modified (1ms)


Started GET "/users/1/edit" for 127.0.0.1 at 2012-11-26 10:34:33 +0700
Processing by UsersController#edit as HTML
  Parameters: {"id"=>"1"}
  [1m[36mUser Load (0.1ms)[0m  [1mSELECT `users`.* FROM `users` WHERE `users`.`id` = 1 LIMIT 1[0m
  Rendered users/_form.html.erb (5.8ms)
  Rendered users/edit.html.erb within layouts/application (7.7ms)
Completed 200 OK in 16ms (Views: 14.8ms | ActiveRecord: 0.1ms)


Started GET "/assets/application.css?body=1" for 127.0.0.1 at 2012-11-26 10:34:33 +0700
Served asset /application.css - 304 Not Modified (7ms)


Started GET "/assets/home.css?body=1" for 127.0.0.1 at 2012-11-26 10:34:33 +0700
Served asset /home.css - 304 Not Modified (0ms)


Started GET "/assets/scaffolds.css?body=1" for 127.0.0.1 at 2012-11-26 10:34:33 +0700
Served asset /scaffolds.css - 304 Not Modified (0ms)


Started GET "/assets/users.css?body=1" for 127.0.0.1 at 2012-11-26 10:34:33 +0700
Served asset /users.css - 304 Not Modified (0ms)


Started GET "/assets/jquery.js?body=1" for 127.0.0.1 at 2012-11-26 10:34:33 +0700
Served asset /jquery.js - 304 Not Modified (0ms)


Started GET "/assets/jquery_ujs.js?body=1" for 127.0.0.1 at 2012-11-26 10:34:33 +0700
Served asset /jquery_ujs.js - 304 Not Modified (0ms)


Started GET "/assets/home.js?body=1" for 127.0.0.1 at 2012-11-26 10:34:33 +0700
Served asset /home.js - 304 Not Modified (0ms)


Started GET "/assets/users.js?body=1" for 127.0.0.1 at 2012-11-26 10:34:33 +0700
Served asset /users.js - 304 Not Modified (0ms)


Started GET "/assets/application.js?body=1" for 127.0.0.1 at 2012-11-26 10:34:33 +0700
Served asset /application.js - 304 Not Modified (1ms)


Started PUT "/users/1" for 127.0.0.1 at 2012-11-26 10:35:13 +0700
Processing by UsersController#update as HTML
  Parameters: {"utf8"=>"✓", "authenticity_token"=>"gkKNs+tMIOBhp1nMofVRcjLWY2+7M13iA+qVCoJp480=", "user"=>{"username"=>"tavtho", "password"=>"[FILTERED]", "full_name"=>"Tho Ta Van", "avatar"=>#<ActionDispatch::Http::UploadedFile:0xa941010 @original_filename="circle_bg.png", @content_type="image/png", @headers="Content-Disposition: form-data; name=\"user[avatar]\"; filename=\"circle_bg.png\"\r\nContent-Type: image/png\r\n", @tempfile=#<File:/tmp/RackMultipart20121126-6230-j9ilel>>}, "commit"=>"Update User", "id"=>"1"}
  [1m[35mUser Load (0.1ms)[0m  SELECT `users`.* FROM `users` WHERE `users`.`id` = 1 LIMIT 1
  [1m[36m (0.1ms)[0m  [1mBEGIN[0m
Command :: identify -format %wx%h '/tmp/circle_bg20121126-6230-ap8m9g.png[0]'
Command :: identify -format %m '/tmp/circle_bg20121126-6230-ap8m9g.png[0]'
Command :: identify -format %m '/tmp/circle_bg20121126-6230-ap8m9g.png[0]'
Command :: convert '/tmp/circle_bg20121126-6230-ap8m9g.png[0]' -auto-orient -resize "300x300>" '/tmp/circle_bg20121126-6230-ap8m9g20121126-6230-ey6i0o'
Command :: file -b --mime '/tmp/circle_bg20121126-6230-ap8m9g20121126-6230-ey6i0o'
Command :: identify -format %wx%h '/tmp/circle_bg20121126-6230-ap8m9g.png[0]'
Command :: identify -format %m '/tmp/circle_bg20121126-6230-ap8m9g.png[0]'
Command :: identify -format %m '/tmp/circle_bg20121126-6230-ap8m9g.png[0]'
Command :: convert '/tmp/circle_bg20121126-6230-ap8m9g.png[0]' -auto-orient -resize "100x100>" '/tmp/circle_bg20121126-6230-ap8m9g20121126-6230-1d7od2h'
Command :: file -b --mime '/tmp/circle_bg20121126-6230-ap8m9g20121126-6230-1d7od2h'
  [1m[35m (0.3ms)[0m  UPDATE `users` SET `avatar_file_name` = 'circle_bg.png', `avatar_content_type` = 'image/png', `avatar_file_size` = 5017, `avatar_updated_at` = '2012-11-26 03:35:13', `updated_at` = '2012-11-26 03:35:13' WHERE `users`.`id` = 1
[paperclip] Saving attachments.
[paperclip] deleting /home/thota/aptana_workspace/my_ror_advance/public/system/users/avatars/000/000/001/original/T-shirt_img.jpg
[paperclip] deleting /home/thota/aptana_workspace/my_ror_advance/public/system/users/avatars/000/000/001/medium/T-shirt_img.jpg
[paperclip] deleting /home/thota/aptana_workspace/my_ror_advance/public/system/users/avatars/000/000/001/thumb/T-shirt_img.jpg
  [1m[36m (104.4ms)[0m  [1mCOMMIT[0m
Redirected to http://localhost:3000/users/1
Completed 302 Found in 302ms (ActiveRecord: 104.8ms)


Started GET "/users/1" for 127.0.0.1 at 2012-11-26 10:35:13 +0700
Processing by UsersController#show as HTML
  Parameters: {"id"=>"1"}
  [1m[35mUser Load (0.3ms)[0m  SELECT `users`.* FROM `users` WHERE `users`.`id` = 1 LIMIT 1
  Rendered users/show.html.erb within layouts/application (2.6ms)
Completed 200 OK in 12ms (Views: 10.6ms | ActiveRecord: 0.3ms)


Started GET "/assets/application.css?body=1" for 127.0.0.1 at 2012-11-26 10:35:13 +0700
Served asset /application.css - 304 Not Modified (4ms)


Started GET "/assets/home.css?body=1" for 127.0.0.1 at 2012-11-26 10:35:13 +0700
Served asset /home.css - 304 Not Modified (1ms)


Started GET "/assets/scaffolds.css?body=1" for 127.0.0.1 at 2012-11-26 10:35:13 +0700
Served asset /scaffolds.css - 304 Not Modified (0ms)


Started GET "/assets/users.css?body=1" for 127.0.0.1 at 2012-11-26 10:35:13 +0700
Served asset /users.css - 304 Not Modified (3ms)


Started GET "/assets/jquery.js?body=1" for 127.0.0.1 at 2012-11-26 10:35:13 +0700
Served asset /jquery.js - 304 Not Modified (1ms)


Started GET "/assets/jquery_ujs.js?body=1" for 127.0.0.1 at 2012-11-26 10:35:13 +0700
Served asset /jquery_ujs.js - 304 Not Modified (0ms)


Started GET "/assets/home.js?body=1" for 127.0.0.1 at 2012-11-26 10:35:13 +0700
Served asset /home.js - 304 Not Modified (0ms)


Started GET "/assets/users.js?body=1" for 127.0.0.1 at 2012-11-26 10:35:13 +0700
Served asset /users.js - 304 Not Modified (0ms)


Started GET "/assets/application.js?body=1" for 127.0.0.1 at 2012-11-26 10:35:13 +0700
Served asset /application.js - 304 Not Modified (1ms)


Started GET "/users/1" for 127.0.0.1 at 2012-11-26 10:35:50 +0700
Processing by UsersController#show as HTML
  Parameters: {"id"=>"1"}
  [1m[36mUser Load (0.1ms)[0m  [1mSELECT `users`.* FROM `users` WHERE `users`.`id` = 1 LIMIT 1[0m
  Rendered users/show.html.erb within layouts/application (2.8ms)
Completed 200 OK in 13ms (Views: 10.8ms | ActiveRecord: 0.1ms)


Started GET "/assets/application.css?body=1" for 127.0.0.1 at 2012-11-26 10:35:50 +0700
Served asset /application.css - 304 Not Modified (3ms)


Started GET "/assets/jquery_ujs.js?body=1" for 127.0.0.1 at 2012-11-26 10:35:50 +0700
Served asset /jquery_ujs.js - 304 Not Modified (0ms)


Started GET "/assets/jquery.js?body=1" for 127.0.0.1 at 2012-11-26 10:35:50 +0700
Served asset /jquery.js - 304 Not Modified (3ms)


Started GET "/assets/scaffolds.css?body=1" for 127.0.0.1 at 2012-11-26 10:35:50 +0700
Served asset /scaffolds.css - 304 Not Modified (0ms)


Started GET "/assets/home.css?body=1" for 127.0.0.1 at 2012-11-26 10:35:50 +0700
Served asset /home.css - 304 Not Modified (0ms)


Started GET "/assets/users.css?body=1" for 127.0.0.1 at 2012-11-26 10:35:50 +0700
Served asset /users.css - 304 Not Modified (0ms)


Started GET "/assets/home.js?body=1" for 127.0.0.1 at 2012-11-26 10:35:50 +0700
Served asset /home.js - 304 Not Modified (0ms)


Started GET "/assets/users.js?body=1" for 127.0.0.1 at 2012-11-26 10:35:50 +0700
Served asset /users.js - 304 Not Modified (0ms)


Started GET "/assets/application.js?body=1" for 127.0.0.1 at 2012-11-26 10:35:50 +0700
Served asset /application.js - 304 Not Modified (3ms)


Started GET "/users/1/edit" for 127.0.0.1 at 2012-11-26 10:35:52 +0700
Processing by UsersController#edit as HTML
  Parameters: {"id"=>"1"}
  [1m[35mUser Load (0.1ms)[0m  SELECT `users`.* FROM `users` WHERE `users`.`id` = 1 LIMIT 1
  Rendered users/_form.html.erb (6.9ms)
  Rendered users/edit.html.erb within layouts/application (8.5ms)
Completed 200 OK in 16ms (Views: 15.1ms | ActiveRecord: 0.1ms)


Started GET "/assets/application.css?body=1" for 127.0.0.1 at 2012-11-26 10:35:52 +0700
Served asset /application.css - 304 Not Modified (9ms)


Started GET "/assets/home.css?body=1" for 127.0.0.1 at 2012-11-26 10:35:52 +0700
Served asset /home.css - 304 Not Modified (0ms)


Started GET "/assets/users.css?body=1" for 127.0.0.1 at 2012-11-26 10:35:52 +0700
Served asset /users.css - 304 Not Modified (0ms)


Started GET "/assets/jquery.js?body=1" for 127.0.0.1 at 2012-11-26 10:35:52 +0700
Served asset /jquery.js - 304 Not Modified (1ms)


Started GET "/assets/jquery_ujs.js?body=1" for 127.0.0.1 at 2012-11-26 10:35:52 +0700
Served asset /jquery_ujs.js - 304 Not Modified (2ms)


Started GET "/assets/scaffolds.css?body=1" for 127.0.0.1 at 2012-11-26 10:35:52 +0700
Served asset /scaffolds.css - 304 Not Modified (0ms)


Started GET "/assets/home.js?body=1" for 127.0.0.1 at 2012-11-26 10:35:52 +0700
Served asset /home.js - 304 Not Modified (0ms)


Started GET "/assets/users.js?body=1" for 127.0.0.1 at 2012-11-26 10:35:52 +0700
Served asset /users.js - 304 Not Modified (0ms)


Started GET "/assets/application.js?body=1" for 127.0.0.1 at 2012-11-26 10:35:52 +0700
Served asset /application.js - 304 Not Modified (1ms)


Started PUT "/users/1" for 127.0.0.1 at 2012-11-26 10:36:16 +0700
Processing by UsersController#update as HTML
  Parameters: {"utf8"=>"✓", "authenticity_token"=>"gkKNs+tMIOBhp1nMofVRcjLWY2+7M13iA+qVCoJp480=", "user"=>{"username"=>"tavtho", "password"=>"[FILTERED]", "full_name"=>"Tho Ta Van", "avatar"=>#<ActionDispatch::Http::UploadedFile:0xa64cdc8 @original_filename="banner_bg.jpg", @content_type="image/jpeg", @headers="Content-Disposition: form-data; name=\"user[avatar]\"; filename=\"banner_bg.jpg\"\r\nContent-Type: image/jpeg\r\n", @tempfile=#<File:/tmp/RackMultipart20121126-6230-zwtfeq>>}, "commit"=>"Update User", "id"=>"1"}
  [1m[36mUser Load (0.4ms)[0m  [1mSELECT `users`.* FROM `users` WHERE `users`.`id` = 1 LIMIT 1[0m
  [1m[35m (0.3ms)[0m  BEGIN
Command :: identify -format %wx%h '/tmp/banner_bg20121126-6230-1ms1nf8.jpg[0]'
Command :: identify -format %m '/tmp/banner_bg20121126-6230-1ms1nf8.jpg[0]'
Command :: identify -format %m '/tmp/banner_bg20121126-6230-1ms1nf8.jpg[0]'
Command :: convert '/tmp/banner_bg20121126-6230-1ms1nf8.jpg[0]' -auto-orient -resize "300x300>" '/tmp/banner_bg20121126-6230-1ms1nf820121126-6230-8nwbds'
Command :: file -b --mime '/tmp/banner_bg20121126-6230-1ms1nf820121126-6230-8nwbds'
Command :: identify -format %wx%h '/tmp/banner_bg20121126-6230-1ms1nf8.jpg[0]'
Command :: identify -format %m '/tmp/banner_bg20121126-6230-1ms1nf8.jpg[0]'
Command :: identify -format %m '/tmp/banner_bg20121126-6230-1ms1nf8.jpg[0]'
Command :: convert '/tmp/banner_bg20121126-6230-1ms1nf8.jpg[0]' -auto-orient -resize "100x100>" '/tmp/banner_bg20121126-6230-1ms1nf820121126-6230-2xrl6u'
Command :: file -b --mime '/tmp/banner_bg20121126-6230-1ms1nf820121126-6230-2xrl6u'
  [1m[36m (0.3ms)[0m  [1mUPDATE `users` SET `avatar_file_name` = 'banner_bg.jpg', `avatar_content_type` = 'image/jpeg', `avatar_file_size` = 31201, `avatar_updated_at` = '2012-11-26 03:36:16', `updated_at` = '2012-11-26 03:36:16' WHERE `users`.`id` = 1[0m
[paperclip] Saving attachments.
[paperclip] deleting /home/thota/aptana_workspace/my_ror_advance/public/system/users/avatars/000/000/001/original/circle_bg.png
[paperclip] deleting /home/thota/aptana_workspace/my_ror_advance/public/system/users/avatars/000/000/001/medium/circle_bg.png
[paperclip] deleting /home/thota/aptana_workspace/my_ror_advance/public/system/users/avatars/000/000/001/thumb/circle_bg.png
  [1m[35m (31.6ms)[0m  COMMIT
Redirected to http://localhost:3000/users/1
Completed 302 Found in 211ms (ActiveRecord: 32.5ms)


Started GET "/users/1" for 127.0.0.1 at 2012-11-26 10:36:16 +0700
Processing by UsersController#show as HTML
  Parameters: {"id"=>"1"}
  [1m[36mUser Load (0.2ms)[0m  [1mSELECT `users`.* FROM `users` WHERE `users`.`id` = 1 LIMIT 1[0m
  Rendered users/show.html.erb within layouts/application (1.4ms)
Completed 200 OK in 9ms (Views: 8.0ms | ActiveRecord: 0.2ms)


Started GET "/assets/application.css?body=1" for 127.0.0.1 at 2012-11-26 10:36:16 +0700
Served asset /application.css - 304 Not Modified (5ms)


Started GET "/assets/home.css?body=1" for 127.0.0.1 at 2012-11-26 10:36:16 +0700
Served asset /home.css - 304 Not Modified (38ms)


Started GET "/assets/scaffolds.css?body=1" for 127.0.0.1 at 2012-11-26 10:36:16 +0700
Served asset /scaffolds.css - 304 Not Modified (0ms)


Started GET "/assets/users.css?body=1" for 127.0.0.1 at 2012-11-26 10:36:16 +0700
Served asset /users.css - 304 Not Modified (0ms)


Started GET "/assets/jquery.js?body=1" for 127.0.0.1 at 2012-11-26 10:36:16 +0700
Served asset /jquery.js - 304 Not Modified (1ms)


Started GET "/assets/jquery_ujs.js?body=1" for 127.0.0.1 at 2012-11-26 10:36:16 +0700
Served asset /jquery_ujs.js - 304 Not Modified (0ms)


Started GET "/assets/home.js?body=1" for 127.0.0.1 at 2012-11-26 10:36:16 +0700
Served asset /home.js - 304 Not Modified (0ms)


Started GET "/assets/users.js?body=1" for 127.0.0.1 at 2012-11-26 10:36:16 +0700
Served asset /users.js - 304 Not Modified (0ms)


Started GET "/assets/application.js?body=1" for 127.0.0.1 at 2012-11-26 10:36:16 +0700
Served asset /application.js - 304 Not Modified (2ms)


Started GET "/users/1/edit" for 127.0.0.1 at 2012-11-26 10:36:35 +0700
Processing by UsersController#edit as HTML
  Parameters: {"id"=>"1"}
  [1m[35mUser Load (0.1ms)[0m  SELECT `users`.* FROM `users` WHERE `users`.`id` = 1 LIMIT 1
  Rendered users/_form.html.erb (4.9ms)
  Rendered users/edit.html.erb within layouts/application (6.5ms)
Completed 200 OK in 15ms (Views: 13.1ms | ActiveRecord: 0.1ms)


Started GET "/assets/application.css?body=1" for 127.0.0.1 at 2012-11-26 10:36:35 +0700
Served asset /application.css - 304 Not Modified (10ms)


Started GET "/assets/home.css?body=1" for 127.0.0.1 at 2012-11-26 10:36:35 +0700
Served asset /home.css - 304 Not Modified (0ms)


Started GET "/assets/jquery_ujs.js?body=1" for 127.0.0.1 at 2012-11-26 10:36:35 +0700
Served asset /jquery_ujs.js - 304 Not Modified (0ms)


Started GET "/assets/users.css?body=1" for 127.0.0.1 at 2012-11-26 10:36:35 +0700
Served asset /users.css - 304 Not Modified (2ms)


Started GET "/assets/jquery.js?body=1" for 127.0.0.1 at 2012-11-26 10:36:35 +0700
Served asset /jquery.js - 304 Not Modified (1ms)


Started GET "/assets/scaffolds.css?body=1" for 127.0.0.1 at 2012-11-26 10:36:35 +0700
Served asset /scaffolds.css - 304 Not Modified (0ms)


Started GET "/assets/home.js?body=1" for 127.0.0.1 at 2012-11-26 10:36:35 +0700
Served asset /home.js - 304 Not Modified (0ms)


Started GET "/assets/users.js?body=1" for 127.0.0.1 at 2012-11-26 10:36:35 +0700
Served asset /users.js - 304 Not Modified (0ms)


Started GET "/assets/application.js?body=1" for 127.0.0.1 at 2012-11-26 10:36:35 +0700
Served asset /application.js - 304 Not Modified (2ms)


Started GET "/users/1" for 127.0.0.1 at 2012-11-26 10:36:43 +0700
Processing by UsersController#show as HTML
  Parameters: {"id"=>"1"}
  [1m[36mUser Load (0.3ms)[0m  [1mSELECT `users`.* FROM `users` WHERE `users`.`id` = 1 LIMIT 1[0m
  Rendered users/show.html.erb within layouts/application (3.7ms)
Completed 200 OK in 13ms (Views: 11.4ms | ActiveRecord: 0.3ms)


Started GET "/assets/application.css?body=1" for 127.0.0.1 at 2012-11-26 10:36:43 +0700
Served asset /application.css - 304 Not Modified (0ms)


Started GET "/assets/scaffolds.css?body=1" for 127.0.0.1 at 2012-11-26 10:36:43 +0700
Served asset /scaffolds.css - 304 Not Modified (6ms)


Started GET "/assets/jquery.js?body=1" for 127.0.0.1 at 2012-11-26 10:36:43 +0700
Served asset /jquery.js - 304 Not Modified (4ms)


Started GET "/assets/users.css?body=1" for 127.0.0.1 at 2012-11-26 10:36:43 +0700
Served asset /users.css - 304 Not Modified (0ms)


Started GET "/assets/home.css?body=1" for 127.0.0.1 at 2012-11-26 10:36:43 +0700
Served asset /home.css - 304 Not Modified (0ms)


Started GET "/assets/home.js?body=1" for 127.0.0.1 at 2012-11-26 10:36:43 +0700
Served asset /home.js - 304 Not Modified (0ms)


Started GET "/assets/jquery_ujs.js?body=1" for 127.0.0.1 at 2012-11-26 10:36:43 +0700
Served asset /jquery_ujs.js - 304 Not Modified (0ms)


Started GET "/assets/users.js?body=1" for 127.0.0.1 at 2012-11-26 10:36:43 +0700
Served asset /users.js - 304 Not Modified (0ms)


Started GET "/assets/application.js?body=1" for 127.0.0.1 at 2012-11-26 10:36:43 +0700
Served asset /application.js - 304 Not Modified (2ms)


Started GET "/users/1/edit" for 127.0.0.1 at 2012-11-26 10:36:46 +0700
Processing by UsersController#edit as HTML
  Parameters: {"id"=>"1"}
  [1m[35mUser Load (0.1ms)[0m  SELECT `users`.* FROM `users` WHERE `users`.`id` = 1 LIMIT 1
  Rendered users/_form.html.erb (3.0ms)
  Rendered users/edit.html.erb within layouts/application (3.7ms)
Completed 200 OK in 10ms (Views: 9.2ms | ActiveRecord: 0.1ms)


Started GET "/assets/home.css?body=1" for 127.0.0.1 at 2012-11-26 10:36:46 +0700
Served asset /home.css - 304 Not Modified (0ms)


Started GET "/assets/jquery_ujs.js?body=1" for 127.0.0.1 at 2012-11-26 10:36:47 +0700
Served asset /jquery_ujs.js - 304 Not Modified (2ms)


Started GET "/assets/scaffolds.css?body=1" for 127.0.0.1 at 2012-11-26 10:36:47 +0700
Served asset /scaffolds.css - 304 Not Modified (2ms)


Started GET "/assets/jquery.js?body=1" for 127.0.0.1 at 2012-11-26 10:36:47 +0700
Served asset /jquery.js - 304 Not Modified (7ms)


Started GET "/assets/application.css?body=1" for 127.0.0.1 at 2012-11-26 10:36:47 +0700
Served asset /application.css - 304 Not Modified (1ms)


Started GET "/assets/users.css?body=1" for 127.0.0.1 at 2012-11-26 10:36:47 +0700
Served asset /users.css - 304 Not Modified (0ms)


Started GET "/assets/home.js?body=1" for 127.0.0.1 at 2012-11-26 10:36:47 +0700
Served asset /home.js - 304 Not Modified (0ms)


Started GET "/assets/users.js?body=1" for 127.0.0.1 at 2012-11-26 10:36:47 +0700
Served asset /users.js - 304 Not Modified (0ms)


Started GET "/assets/application.js?body=1" for 127.0.0.1 at 2012-11-26 10:36:47 +0700
Served asset /application.js - 304 Not Modified (31ms)


Started PUT "/users/1" for 127.0.0.1 at 2012-11-26 10:36:54 +0700
Processing by UsersController#update as HTML
  Parameters: {"utf8"=>"✓", "authenticity_token"=>"gkKNs+tMIOBhp1nMofVRcjLWY2+7M13iA+qVCoJp480=", "user"=>{"username"=>"tavtho", "password"=>"[FILTERED]", "full_name"=>"Tho Ta Van", "avatar"=>#<ActionDispatch::Http::UploadedFile:0xa82300c @original_filename="circle_bg.png", @content_type="image/png", @headers="Content-Disposition: form-data; name=\"user[avatar]\"; filename=\"circle_bg.png\"\r\nContent-Type: image/png\r\n", @tempfile=#<File:/tmp/RackMultipart20121126-6230-4alzyj>>}, "commit"=>"Update User", "id"=>"1"}
  [1m[36mUser Load (0.1ms)[0m  [1mSELECT `users`.* FROM `users` WHERE `users`.`id` = 1 LIMIT 1[0m
  [1m[35m (0.2ms)[0m  BEGIN
Command :: identify -format %wx%h '/tmp/circle_bg20121126-6230-2p9op6.png[0]'
Command :: identify -format %m '/tmp/circle_bg20121126-6230-2p9op6.png[0]'
Command :: identify -format %m '/tmp/circle_bg20121126-6230-2p9op6.png[0]'
Command :: convert '/tmp/circle_bg20121126-6230-2p9op6.png[0]' -auto-orient -resize "300x300>" '/tmp/circle_bg20121126-6230-2p9op620121126-6230-2d9y4n'
Command :: file -b --mime '/tmp/circle_bg20121126-6230-2p9op620121126-6230-2d9y4n'
Command :: identify -format %wx%h '/tmp/circle_bg20121126-6230-2p9op6.png[0]'
Command :: identify -format %m '/tmp/circle_bg20121126-6230-2p9op6.png[0]'
Command :: identify -format %m '/tmp/circle_bg20121126-6230-2p9op6.png[0]'
Command :: convert '/tmp/circle_bg20121126-6230-2p9op6.png[0]' -auto-orient -resize "100x100>" '/tmp/circle_bg20121126-6230-2p9op620121126-6230-1oi5a5n'
Command :: file -b --mime '/tmp/circle_bg20121126-6230-2p9op620121126-6230-1oi5a5n'
  [1m[36m (0.5ms)[0m  [1mUPDATE `users` SET `avatar_file_name` = 'circle_bg.png', `avatar_content_type` = 'image/png', `avatar_file_size` = 5017, `avatar_updated_at` = '2012-11-26 03:36:54', `updated_at` = '2012-11-26 03:36:54' WHERE `users`.`id` = 1[0m
[paperclip] Saving attachments.
[paperclip] deleting /home/thota/aptana_workspace/my_ror_advance/public/system/users/avatars/000/000/001/original/banner_bg.jpg
[paperclip] deleting /home/thota/aptana_workspace/my_ror_advance/public/system/users/avatars/000/000/001/medium/banner_bg.jpg
[paperclip] deleting /home/thota/aptana_workspace/my_ror_advance/public/system/users/avatars/000/000/001/thumb/banner_bg.jpg
  [1m[35m (42.6ms)[0m  COMMIT
Redirected to http://localhost:3000/users/1
Completed 302 Found in 251ms (ActiveRecord: 43.4ms)


Started GET "/users/1" for 127.0.0.1 at 2012-11-26 10:36:54 +0700
Processing by UsersController#show as HTML
  Parameters: {"id"=>"1"}
  [1m[36mUser Load (0.3ms)[0m  [1mSELECT `users`.* FROM `users` WHERE `users`.`id` = 1 LIMIT 1[0m
  Rendered users/show.html.erb within layouts/application (1.6ms)
Completed 200 OK in 9ms (Views: 8.3ms | ActiveRecord: 0.3ms)


Started GET "/assets/application.css?body=1" for 127.0.0.1 at 2012-11-26 10:36:55 +0700
Served asset /application.css - 304 Not Modified (4ms)


Started GET "/assets/home.css?body=1" for 127.0.0.1 at 2012-11-26 10:36:55 +0700
Served asset /home.css - 304 Not Modified (0ms)


Started GET "/assets/scaffolds.css?body=1" for 127.0.0.1 at 2012-11-26 10:36:55 +0700
Served asset /scaffolds.css - 304 Not Modified (0ms)


Started GET "/assets/jquery.js?body=1" for 127.0.0.1 at 2012-11-26 10:36:55 +0700
Served asset /jquery.js - 304 Not Modified (3ms)


Started GET "/assets/jquery_ujs.js?body=1" for 127.0.0.1 at 2012-11-26 10:36:55 +0700
Served asset /jquery_ujs.js - 304 Not Modified (0ms)


Started GET "/assets/users.css?body=1" for 127.0.0.1 at 2012-11-26 10:36:55 +0700
Served asset /users.css - 304 Not Modified (0ms)


Started GET "/assets/home.js?body=1" for 127.0.0.1 at 2012-11-26 10:36:55 +0700
Served asset /home.js - 304 Not Modified (0ms)


Started GET "/assets/users.js?body=1" for 127.0.0.1 at 2012-11-26 10:36:55 +0700
Served asset /users.js - 304 Not Modified (0ms)


Started GET "/assets/application.js?body=1" for 127.0.0.1 at 2012-11-26 10:36:55 +0700
Served asset /application.js - 304 Not Modified (1ms)


Started GET "/users/1/edit" for 127.0.0.1 at 2012-11-26 10:49:33 +0700
Processing by UsersController#edit as HTML
  Parameters: {"id"=>"1"}
  [1m[35mUser Load (0.1ms)[0m  SELECT `users`.* FROM `users` WHERE `users`.`id` = 1 LIMIT 1
  Rendered users/_form.html.erb (2.7ms)
  Rendered users/edit.html.erb within layouts/application (3.5ms)
Completed 200 OK in 20ms (Views: 9.0ms | ActiveRecord: 1.5ms)


Started GET "/assets/home.css?body=1" for 127.0.0.1 at 2012-11-26 10:49:33 +0700
Served asset /home.css - 304 Not Modified (0ms)


Started GET "/assets/scaffolds.css?body=1" for 127.0.0.1 at 2012-11-26 10:49:33 +0700
Served asset /scaffolds.css - 304 Not Modified (0ms)


Started GET "/assets/jquery.js?body=1" for 127.0.0.1 at 2012-11-26 10:49:33 +0700
Served asset /jquery.js - 304 Not Modified (2ms)


Started GET "/assets/users.css?body=1" for 127.0.0.1 at 2012-11-26 10:49:33 +0700
Served asset /users.css - 304 Not Modified (0ms)


Started GET "/assets/jquery_ujs.js?body=1" for 127.0.0.1 at 2012-11-26 10:49:33 +0700
Served asset /jquery_ujs.js - 304 Not Modified (0ms)


Started GET "/assets/application.css?body=1" for 127.0.0.1 at 2012-11-26 10:49:33 +0700
Served asset /application.css - 304 Not Modified (1ms)


Started GET "/assets/home.js?body=1" for 127.0.0.1 at 2012-11-26 10:49:33 +0700
Served asset /home.js - 304 Not Modified (0ms)


Started GET "/assets/users.js?body=1" for 127.0.0.1 at 2012-11-26 10:49:33 +0700
Served asset /users.js - 304 Not Modified (0ms)


Started GET "/assets/application.js?body=1" for 127.0.0.1 at 2012-11-26 10:49:33 +0700
Served asset /application.js - 304 Not Modified (3ms)


Started GET "/users" for 127.0.0.1 at 2012-11-26 10:49:35 +0700
Processing by UsersController#index as HTML
  [1m[36mUser Load (1.1ms)[0m  [1mSELECT `users`.* FROM `users` [0m
  Rendered users/index.html.erb within layouts/application (2.0ms)
Completed 200 OK in 14ms (Views: 11.4ms | ActiveRecord: 1.1ms)


Started GET "/assets/application.css?body=1" for 127.0.0.1 at 2012-11-26 10:49:35 +0700
Served asset /application.css - 304 Not Modified (4ms)


Started GET "/assets/home.css?body=1" for 127.0.0.1 at 2012-11-26 10:49:35 +0700
Served asset /home.css - 304 Not Modified (0ms)


Started GET "/assets/scaffolds.css?body=1" for 127.0.0.1 at 2012-11-26 10:49:35 +0700
Served asset /scaffolds.css - 304 Not Modified (3ms)


Started GET "/assets/users.css?body=1" for 127.0.0.1 at 2012-11-26 10:49:35 +0700
Served asset /users.css - 304 Not Modified (3ms)


Started GET "/assets/jquery.js?body=1" for 127.0.0.1 at 2012-11-26 10:49:35 +0700
Served asset /jquery.js - 304 Not Modified (6ms)


Started GET "/assets/jquery_ujs.js?body=1" for 127.0.0.1 at 2012-11-26 10:49:35 +0700
Served asset /jquery_ujs.js - 304 Not Modified (0ms)


Started GET "/assets/home.js?body=1" for 127.0.0.1 at 2012-11-26 10:49:35 +0700
Served asset /home.js - 304 Not Modified (0ms)


Started GET "/assets/users.js?body=1" for 127.0.0.1 at 2012-11-26 10:49:35 +0700
Served asset /users.js - 304 Not Modified (0ms)


Started GET "/assets/application.js?body=1" for 127.0.0.1 at 2012-11-26 10:49:35 +0700
Served asset /application.js - 304 Not Modified (1ms)


Started GET "/users/1" for 127.0.0.1 at 2012-11-26 10:49:37 +0700
Processing by UsersController#show as HTML
  Parameters: {"id"=>"1"}
  [1m[35mUser Load (0.1ms)[0m  SELECT `users`.* FROM `users` WHERE `users`.`id` = 1 LIMIT 1
  Rendered users/show.html.erb within layouts/application (2.6ms)
Completed 200 OK in 11ms (Views: 9.1ms | ActiveRecord: 0.1ms)


Started GET "/assets/application.css?body=1" for 127.0.0.1 at 2012-11-26 10:49:37 +0700
Served asset /application.css - 304 Not Modified (5ms)


Started GET "/assets/scaffolds.css?body=1" for 127.0.0.1 at 2012-11-26 10:49:37 +0700
Served asset /scaffolds.css - 304 Not Modified (7ms)


Started GET "/assets/users.css?body=1" for 127.0.0.1 at 2012-11-26 10:49:37 +0700
Served asset /users.css - 304 Not Modified (3ms)


Started GET "/assets/home.css?body=1" for 127.0.0.1 at 2012-11-26 10:49:37 +0700
Served asset /home.css - 304 Not Modified (0ms)


Started GET "/assets/jquery.js?body=1" for 127.0.0.1 at 2012-11-26 10:49:37 +0700
Served asset /jquery.js - 304 Not Modified (3ms)


Started GET "/assets/jquery_ujs.js?body=1" for 127.0.0.1 at 2012-11-26 10:49:37 +0700
Served asset /jquery_ujs.js - 304 Not Modified (0ms)


Started GET "/assets/home.js?body=1" for 127.0.0.1 at 2012-11-26 10:49:37 +0700
Served asset /home.js - 304 Not Modified (1ms)


Started GET "/assets/users.js?body=1" for 127.0.0.1 at 2012-11-26 10:49:37 +0700
Served asset /users.js - 304 Not Modified (0ms)


Started GET "/assets/application.js?body=1" for 127.0.0.1 at 2012-11-26 10:49:37 +0700
Served asset /application.js - 304 Not Modified (1ms)


Started GET "/users/1/edit" for 127.0.0.1 at 2012-11-26 10:49:41 +0700
Processing by UsersController#edit as HTML
  Parameters: {"id"=>"1"}
  [1m[36mUser Load (0.1ms)[0m  [1mSELECT `users`.* FROM `users` WHERE `users`.`id` = 1 LIMIT 1[0m
  Rendered users/_form.html.erb (2.9ms)
  Rendered users/edit.html.erb within layouts/application (3.7ms)
Completed 200 OK in 10ms (Views: 9.2ms | ActiveRecord: 0.1ms)


Started GET "/assets/application.css?body=1" for 127.0.0.1 at 2012-11-26 10:49:41 +0700
Served asset /application.css - 304 Not Modified (9ms)


Started GET "/assets/home.css?body=1" for 127.0.0.1 at 2012-11-26 10:49:41 +0700
Served asset /home.css - 304 Not Modified (0ms)


Started GET "/assets/scaffolds.css?body=1" for 127.0.0.1 at 2012-11-26 10:49:41 +0700
Served asset /scaffolds.css - 304 Not Modified (0ms)


Started GET "/assets/users.css?body=1" for 127.0.0.1 at 2012-11-26 10:49:41 +0700
Served asset /users.css - 304 Not Modified (0ms)


Started GET "/assets/jquery.js?body=1" for 127.0.0.1 at 2012-11-26 10:49:41 +0700
Served asset /jquery.js - 304 Not Modified (3ms)


Started GET "/assets/jquery_ujs.js?body=1" for 127.0.0.1 at 2012-11-26 10:49:41 +0700
Served asset /jquery_ujs.js - 304 Not Modified (0ms)


Started GET "/assets/home.js?body=1" for 127.0.0.1 at 2012-11-26 10:49:41 +0700
Served asset /home.js - 304 Not Modified (0ms)


Started GET "/assets/users.js?body=1" for 127.0.0.1 at 2012-11-26 10:49:41 +0700
Served asset /users.js - 304 Not Modified (0ms)


Started GET "/assets/application.js?body=1" for 127.0.0.1 at 2012-11-26 10:49:41 +0700
Served asset /application.js - 304 Not Modified (2ms)
